2025-09-18T18:10:40.571662Z  WARN runtime: length of a bounded vector in scope Balances Update Locks is not respected.
2025-09-18T18:10:40.571680Z  WARN runtime::balances: Warning: A user has more currency locks than expected. A runtime configuration adjustment may be needed.
2025-09-18T18:10:40.577188Z  INFO pallet_gear::tests: Value burned for init: 641654968600
2025-09-18T18:10:40.577608Z  INFO pallet_gear::tests: Value burned for action: 35074516800
2025-09-18T18:10:40.591461Z  INFO pallet_gear::tests: Value burned for action: 3361142450600
2025-09-18T18:10:40.606858Z  INFO pallet_gear::tests: Value burned for action: 4854969301200
2025-09-18T18:10:40.621736Z  INFO pallet_gear::tests: Value burned for action: 4929419799000
2025-09-18T18:10:40.636755Z  INFO pallet_gear::tests: Value burned for action: 4964765744200
2025-09-18T18:10:40.650534Z  INFO pallet_gear::tests: Value burned for action: 4953450344400
2025-09-18T18:10:40.664098Z  INFO pallet_gear::tests: Value burned for action: 4954688266300
2025-09-18T18:10:40.678622Z  INFO pallet_gear::tests: Value burned for action: 4952169752700
2025-09-18T18:10:40.693627Z  INFO pallet_gear::tests: Value burned for action: 4939796746200
2025-09-18T18:10:40.707300Z  INFO pallet_gear::tests: Value burned for action: 4952595809600
2025-09-18T18:10:40.720949Z  INFO pallet_gear::tests: Value burned for action: 4988142402400
2025-09-18T18:10:40.735042Z  INFO pallet_gear::tests: Value burned for action: 4967566318600
2025-09-18T18:10:40.750014Z  INFO pallet_gear::tests: Value burned for action: 4978391157200
2025-09-18T18:10:40.766210Z  INFO pallet_gear::tests: Value burned for action: 4970633758300
2025-09-18T18:10:40.781429Z  INFO pallet_gear::tests: Value burned for action: 4943533560200
2025-09-18T18:10:40.795738Z  INFO pallet_gear::tests: Value burned for action: 4960657606700
2025-09-18T18:10:40.809575Z  INFO pallet_gear::tests: Value burned for action: 4992428142500
2025-09-18T18:10:40.823773Z  INFO pallet_gear::tests: Value burned for action: 4956347607800
2025-09-18T18:10:40.838205Z  INFO pallet_gear::tests: Value burned for action: 4969573938600
2025-09-18T18:10:40.852469Z  INFO pallet_gear::tests: Value burned for action: 4960500918700
2025-09-18T18:10:40.867663Z  INFO pallet_gear::tests: Value burned for action: 4932874339900
2025-09-18T18:10:40.883126Z  INFO pallet_gear::tests: Value burned for action: 4938409982900
2025-09-18T18:10:40.897890Z  INFO pallet_gear::tests: Value burned for action: 4923116312700
2025-09-18T18:10:40.913082Z  INFO pallet_gear::tests: Value burned for action: 4920128716800
2025-09-18T18:10:40.927746Z  INFO pallet_gear::tests: Value burned for action: 4972904820100
2025-09-18T18:10:40.942887Z  INFO pallet_gear::tests: Value burned for action: 4987191309200
2025-09-18T18:10:40.959308Z  INFO pallet_gear::tests: Value burned for action: 4951206478000
2025-09-18T18:10:40.975012Z  INFO pallet_gear::tests: Value burned for action: 4941061767300
2025-09-18T18:10:40.989057Z  INFO pallet_gear::tests: Value burned for action: 4962898025200
2025-09-18T18:10:41.002437Z  INFO pallet_gear::tests: Value burned for action: 4939752555800
2025-09-18T18:10:41.016233Z  INFO pallet_gear::tests: Value burned for action: 4979235382800
2025-09-18T18:10:41.030854Z  INFO pallet_gear::tests: Value burned for action: 4995743054800
2025-09-18T18:10:41.046354Z  INFO pallet_gear::tests: Value burned for action: 4995211336900
2025-09-18T18:10:41.061542Z  INFO pallet_gear::tests: Value burned for action: 4975477736800
2025-09-18T18:10:41.077188Z  INFO pallet_gear::tests: Value burned for action: 4958592353500
2025-09-18T18:10:41.092811Z  INFO pallet_gear::tests: Value burned for action: 4991927817200
2025-09-18T18:10:41.108772Z  INFO pallet_gear::tests: Value burned for action: 4972902297600
2025-09-18T18:10:41.125124Z  INFO pallet_gear::tests: Value burned for action: 4970770953500
2025-09-18T18:10:41.140159Z  INFO pallet_gear::tests: Value burned for action: 4935563892500
2025-09-18T18:10:41.157304Z  INFO pallet_gear::tests: Value burned for action: 4976586375100
2025-09-18T18:10:41.173263Z  INFO pallet_gear::tests: Value burned for action: 4976660492000
2025-09-18T18:10:41.191058Z  INFO pallet_gear::tests: Value burned for action: 5005584033100
2025-09-18T18:10:41.207256Z  INFO pallet_gear::tests: Value burned for action: 4984843356200
2025-09-18T18:10:41.223542Z  INFO pallet_gear::tests: Value burned for action: 4952104498500
2025-09-18T18:10:41.240744Z  INFO pallet_gear::tests: Value burned for action: 4990742026200
2025-09-18T18:10:41.256569Z  INFO pallet_gear::tests: Value burned for action: 4918467580000
2025-09-18T18:10:41.272543Z  INFO pallet_gear::tests: Value burned for action: 4999429811400
2025-09-18T18:10:41.287415Z  INFO pallet_gear::tests: Value burned for action: 4937214129100
2025-09-18T18:10:41.303431Z  INFO pallet_gear::tests: Value burned for action: 4972791953800
2025-09-18T18:10:41.317435Z  INFO pallet_gear::tests: Value burned for action: 4994153282000
2025-09-18T18:10:41.331969Z  INFO pallet_gear::tests: Value burned for action: 4994862665500
2025-09-18T18:10:41.333016Z  INFO pallet_gear::tests: Value burned for transfer: 42418907800
2025-09-18T18:10:41.333782Z  INFO pallet_gear::tests: Value burned for transfer: 43908843000
2025-09-18T18:10:41.334406Z  INFO pallet_gear::tests: Value burned for transfer: 45398778200
2025-09-18T18:10:41.335037Z  INFO pallet_gear::tests: Value burned for transfer: 42418907800
2025-09-18T18:10:41.335671Z  INFO pallet_gear::tests: Value burned for transfer: 43908843000
2025-09-18T18:10:41.336284Z  INFO pallet_gear::tests: Value burned for transfer: 43908843000
2025-09-18T18:10:41.337082Z  INFO pallet_gear::tests: Value burned for transfer: 43908843000
2025-09-18T18:10:41.337711Z  INFO pallet_gear::tests: Value burned for transfer: 42418907800
2025-09-18T18:10:41.338317Z  INFO pallet_gear::tests: Value burned for transfer: 43908843000
2025-09-18T18:10:41.338933Z  INFO pallet_gear::tests: Value burned for transfer: 43908843000
2025-09-18T18:10:41.339569Z  INFO pallet_gear::tests: Value burned for transfer: 43908843000
2025-09-18T18:10:41.340271Z  INFO pallet_gear::tests: Value burned for transfer: 43908843000
2025-09-18T18:10:41.341026Z  INFO pallet_gear::tests: Value burned for transfer: 43908843000
2025-09-18T18:10:41.341779Z  INFO pallet_gear::tests: Value burned for transfer: 43908843000
2025-09-18T18:10:41.342466Z  INFO pallet_gear::tests: Value burned for transfer: 43908843000
2025-09-18T18:10:41.343128Z  INFO pallet_gear::tests: Value burned for transfer: 43908843000
2025-09-18T18:10:41.343777Z  INFO pallet_gear::tests: Value burned for transfer: 43908843000
2025-09-18T18:10:41.344454Z  INFO pallet_gear::tests: Value burned for transfer: 43908843000
2025-09-18T18:10:41.345218Z  INFO pallet_gear::tests: Value burned for transfer: 43908843000
2025-09-18T18:10:41.345875Z  INFO pallet_gear::tests: Value burned for transfer: 42418907800
2025-09-18T18:10:41.346557Z  INFO pallet_gear::tests: Value burned for transfer: 43908843000
2025-09-18T18:10:41.347246Z  INFO pallet_gear::tests: Value burned for transfer: 43908843000
2025-09-18T18:10:41.347944Z  INFO pallet_gear::tests: Value burned for transfer: 43908843000
2025-09-18T18:10:41.348805Z  INFO pallet_gear::tests: Value burned for transfer: 43908843000
2025-09-18T18:10:41.349519Z  INFO pallet_gear::tests: Value burned for transfer: 43908843000
2025-09-18T18:10:41.350239Z  INFO pallet_gear::tests: Value burned for transfer: 43908843000
2025-09-18T18:10:41.350963Z  INFO pallet_gear::tests: Value burned for transfer: 43908843000
2025-09-18T18:10:41.351671Z  INFO pallet_gear::tests: Value burned for transfer: 42418907800
2025-09-18T18:10:41.352363Z  INFO pallet_gear::tests: Value burned for transfer: 43908843000
2025-09-18T18:10:41.353095Z  INFO pallet_gear::tests: Value burned for transfer: 43908843000
2025-09-18T18:10:41.353797Z  INFO pallet_gear::tests: Value burned for transfer: 43908843000
2025-09-18T18:10:41.355595Z  INFO pallet_gear::tests: Value burned for transfer: 43908843000
2025-09-18T18:10:41.356240Z  INFO pallet_gear::tests: Value burned for transfer: 43908843000
2025-09-18T18:10:41.356991Z  INFO pallet_gear::tests: Value burned for transfer: 43908843000
2025-09-18T18:10:41.357651Z  INFO pallet_gear::tests: Value burned for transfer: 43908843000
2025-09-18T18:10:41.358313Z  INFO pallet_gear::tests: Value burned for transfer: 43908843000
2025-09-18T18:10:41.358985Z  INFO pallet_gear::tests: Value burned for transfer: 42418907800
2025-09-18T18:10:41.359750Z  INFO pallet_gear::tests: Value burned for transfer: 43908843000
2025-09-18T18:10:41.360486Z  INFO pallet_gear::tests: Value burned for transfer: 43908843000
2025-09-18T18:10:41.361296Z  INFO pallet_gear::tests: Value burned for transfer: 43908843000
2025-09-18T18:10:41.362927Z  INFO pallet_gear::tests: Value burned for transfer: 43908843000
2025-09-18T18:10:41.363686Z  INFO pallet_gear::tests: Value burned for transfer: 43908843000
2025-09-18T18:10:41.364392Z  INFO pallet_gear::tests: Value burned for transfer: 43908843000
2025-09-18T18:10:41.365140Z  INFO pallet_gear::tests: Value burned for transfer: 43908843000
2025-09-18T18:10:41.365852Z  INFO pallet_gear::tests: Value burned for transfer: 43908843000
2025-09-18T18:10:41.366525Z  INFO pallet_gear::tests: Value burned for transfer: 43908843000
2025-09-18T18:10:41.367186Z  INFO pallet_gear::tests: Value burned for transfer: 43908843000
2025-09-18T18:10:41.367889Z  INFO pallet_gear::tests: Value burned for transfer: 42418907800
2025-09-18T18:10:41.368534Z  INFO pallet_gear::tests: Value burned for transfer: 43908843000
2025-09-18T18:10:41.369112Z  INFO pallet_gear::tests: Value burned for transfer: 43908843000
2025-09-18T18:10:41.370705Z  INFO pallet_gear::tests: Value burned for transfer: 43908843000
2025-09-18T18:10:41.371316Z  INFO pallet_gear::tests: Value burned for transfer: 43908843000
2025-09-18T18:10:41.371929Z  INFO pallet_gear::tests: Value burned for transfer: 43908843000
2025-09-18T18:10:41.372536Z  INFO pallet_gear::tests: Value burned for transfer: 42418907800
2025-09-18T18:10:41.373241Z  INFO pallet_gear::tests: Value burned for transfer: 43916483500
2025-09-18T18:10:41.373824Z  INFO pallet_gear::tests: Value burned for transfer: 43908843000
2025-09-18T18:10:41.374496Z  INFO pallet_gear::tests: Value burned for transfer: 43908843000
2025-09-18T18:10:41.375093Z  INFO pallet_gear::tests: Value burned for transfer: 43908843000
2025-09-18T18:10:41.375705Z  INFO pallet_gear::tests: Value burned for transfer: 43908843000
2025-09-18T18:10:41.376355Z  INFO pallet_gear::tests: Value burned for transfer: 42418907800
2025-09-18T18:10:41.377725Z  INFO pallet_gear::tests: Value burned for transfer: 43908843000
2025-09-18T18:10:41.378387Z  INFO pallet_gear::tests: Value burned for transfer: 43908843000
2025-09-18T18:10:41.379025Z  INFO pallet_gear::tests: Value burned for transfer: 42418907800
2025-09-18T18:10:41.379625Z  INFO pallet_gear::tests: Value burned for transfer: 43908843000
2025-09-18T18:10:41.380241Z  INFO pallet_gear::tests: Value burned for transfer: 43908843000
2025-09-18T18:10:41.380904Z  INFO pallet_gear::tests: Value burned for transfer: 43908843000
2025-09-18T18:10:41.381543Z  INFO pallet_gear::tests: Value burned for transfer: 43908843000
2025-09-18T18:10:41.382134Z  INFO pallet_gear::tests: Value burned for transfer: 43908843000
2025-09-18T18:10:41.382720Z  INFO pallet_gear::tests: Value burned for transfer: 43908843000
2025-09-18T18:10:41.383318Z  INFO pallet_gear::tests: Value burned for transfer: 43908843000
2025-09-18T18:10:41.384001Z  INFO pallet_gear::tests: Value burned for transfer: 43908843000
2025-09-18T18:10:41.384601Z  INFO pallet_gear::tests: Value burned for transfer: 43908843000
2025-09-18T18:10:41.385365Z  INFO pallet_gear::tests: Value burned for transfer: 43908843000
2025-09-18T18:10:41.386614Z  INFO pallet_gear::tests: Value burned for transfer: 43908843000
2025-09-18T18:10:41.387198Z  INFO pallet_gear::tests: Value burned for transfer: 43908843000
2025-09-18T18:10:41.387805Z  INFO pallet_gear::tests: Value burned for transfer: 43908843000
2025-09-18T18:10:41.388394Z  INFO pallet_gear::tests: Value burned for transfer: 43908843000
2025-09-18T18:10:41.389032Z  INFO pallet_gear::tests: Value burned for transfer: 43908843000
2025-09-18T18:10:41.389656Z  INFO pallet_gear::tests: Value burned for transfer: 43908843000
2025-09-18T18:10:41.390273Z  INFO pallet_gear::tests: Value burned for transfer: 43908843000
2025-09-18T18:10:41.390868Z  INFO pallet_gear::tests: Value burned for transfer: 43908843000
2025-09-18T18:10:41.391457Z  INFO pallet_gear::tests: Value burned for transfer: 43908843000
2025-09-18T18:10:41.392119Z  INFO pallet_gear::tests: Value burned for transfer: 43908843000
2025-09-18T18:10:41.392685Z  INFO pallet_gear::tests: Value burned for transfer: 43908843000
2025-09-18T18:10:41.394289Z  INFO pallet_gear::tests: Value burned for transfer: 43908843000
2025-09-18T18:10:41.394930Z  INFO pallet_gear::tests: Value burned for transfer: 43908843000
2025-09-18T18:10:41.395513Z  INFO pallet_gear::tests: Value burned for transfer: 43908843000
2025-09-18T18:10:41.396144Z  INFO pallet_gear::tests: Value burned for transfer: 43908843000
2025-09-18T18:10:41.396711Z  INFO pallet_gear::tests: Value burned for transfer: 43908843000
2025-09-18T18:10:41.397328Z  INFO pallet_gear::tests: Value burned for transfer: 43908843000
2025-09-18T18:10:41.397934Z  INFO pallet_gear::tests: Value burned for transfer: 43908843000
2025-09-18T18:10:41.398511Z  INFO pallet_gear::tests: Value burned for transfer: 43908843000
2025-09-18T18:10:41.399147Z  INFO pallet_gear::tests: Value burned for transfer: 43908843000
2025-09-18T18:10:41.399762Z  INFO pallet_gear::tests: Value burned for transfer: 43908843000
2025-09-18T18:10:41.400337Z  INFO pallet_gear::tests: Value burned for transfer: 42418907800
2025-09-18T18:10:41.400910Z  INFO pallet_gear::tests: Value burned for transfer: 43908843000
2025-09-18T18:10:41.401479Z  INFO pallet_gear::tests: Value burned for transfer: 43908843000
2025-09-18T18:10:41.402058Z  INFO pallet_gear::tests: Value burned for transfer: 43908843000
2025-09-18T18:10:41.402617Z  INFO pallet_gear::tests: Value burned for transfer: 43908843000
2025-09-18T18:10:41.403234Z  INFO pallet_gear::tests: Value burned for transfer: 43908843000
