2025-09-18T16:25:30.153824Z  WARN runtime: length of a bounded vector in scope Balances Update Locks is not respected.
2025-09-18T16:25:30.153839Z  WARN runtime::balances: Warning: A user has more currency locks than expected. A runtime configuration adjustment may be needed.
2025-09-18T16:25:30.162150Z  INFO pallet_gear::tests: Value burned for init: 640325432800
2025-09-18T16:25:30.162767Z  INFO pallet_gear::tests: Value burned for action: 33562213700
2025-09-18T16:25:30.182284Z  INFO pallet_gear::tests: Value burned for action: 3361520285000
2025-09-18T16:25:30.200406Z  INFO pallet_gear::tests: Value burned for action: 4880900587600
2025-09-18T16:25:30.215601Z  INFO pallet_gear::tests: Value burned for action: 4939607954400
2025-09-18T16:25:30.229765Z  INFO pallet_gear::tests: Value burned for action: 4944930216100
2025-09-18T16:25:30.243386Z  INFO pallet_gear::tests: Value burned for action: 4959616451300
2025-09-18T16:25:30.256800Z  INFO pallet_gear::tests: Value burned for action: 4979929596200
2025-09-18T16:25:30.270521Z  INFO pallet_gear::tests: Value burned for action: 4963841110600
2025-09-18T16:25:30.284061Z  INFO pallet_gear::tests: Value burned for action: 4936883906100
2025-09-18T16:25:30.297473Z  INFO pallet_gear::tests: Value burned for action: 4956588757500
2025-09-18T16:25:30.311850Z  INFO pallet_gear::tests: Value burned for action: 4961808021300
2025-09-18T16:25:30.326654Z  INFO pallet_gear::tests: Value burned for action: 4943018785500
2025-09-18T16:25:30.340750Z  INFO pallet_gear::tests: Value burned for action: 4987116734100
2025-09-18T16:25:30.354310Z  INFO pallet_gear::tests: Value burned for action: 4963616204200
2025-09-18T16:25:30.367635Z  INFO pallet_gear::tests: Value burned for action: 4944580727100
2025-09-18T16:25:30.381246Z  INFO pallet_gear::tests: Value burned for action: 4966823713600
2025-09-18T16:25:30.395492Z  INFO pallet_gear::tests: Value burned for action: 4971840616400
2025-09-18T16:25:30.409339Z  INFO pallet_gear::tests: Value burned for action: 4936146392700
2025-09-18T16:25:30.423278Z  INFO pallet_gear::tests: Value burned for action: 4970621105500
2025-09-18T16:25:30.437378Z  INFO pallet_gear::tests: Value burned for action: 4961161774600
2025-09-18T16:25:30.451575Z  INFO pallet_gear::tests: Value burned for action: 4941358312800
2025-09-18T16:25:30.465778Z  INFO pallet_gear::tests: Value burned for action: 4942016619800
2025-09-18T16:25:30.479790Z  INFO pallet_gear::tests: Value burned for action: 4947971331600
2025-09-18T16:25:30.493523Z  INFO pallet_gear::tests: Value burned for action: 4954593700700
2025-09-18T16:25:30.508406Z  INFO pallet_gear::tests: Value burned for action: 4960768326000
2025-09-18T16:25:30.522515Z  INFO pallet_gear::tests: Value burned for action: 4946569642900
2025-09-18T16:25:30.536023Z  INFO pallet_gear::tests: Value burned for action: 4949694174900
2025-09-18T16:25:30.549634Z  INFO pallet_gear::tests: Value burned for action: 4946310545200
2025-09-18T16:25:30.563158Z  INFO pallet_gear::tests: Value burned for action: 4946415213100
2025-09-18T16:25:30.577094Z  INFO pallet_gear::tests: Value burned for action: 4959874945700
2025-09-18T16:25:30.590759Z  INFO pallet_gear::tests: Value burned for action: 4982069397700
2025-09-18T16:25:30.604134Z  INFO pallet_gear::tests: Value burned for action: 4949319224700
2025-09-18T16:25:30.618302Z  INFO pallet_gear::tests: Value burned for action: 4971491734600
2025-09-18T16:25:30.632473Z  INFO pallet_gear::tests: Value burned for action: 4985990161700
2025-09-18T16:25:30.646353Z  INFO pallet_gear::tests: Value burned for action: 4950802177400
2025-09-18T16:25:30.660089Z  INFO pallet_gear::tests: Value burned for action: 4990415514100
2025-09-18T16:25:30.673929Z  INFO pallet_gear::tests: Value burned for action: 4960379492500
2025-09-18T16:25:30.687829Z  INFO pallet_gear::tests: Value burned for action: 4961580240400
2025-09-18T16:25:30.702540Z  INFO pallet_gear::tests: Value burned for action: 4954913660400
2025-09-18T16:25:30.717432Z  INFO pallet_gear::tests: Value burned for action: 4979661994000
2025-09-18T16:25:30.731502Z  INFO pallet_gear::tests: Value burned for action: 4921544025900
2025-09-18T16:25:30.747346Z  INFO pallet_gear::tests: Value burned for action: 4974130712000
2025-09-18T16:25:30.763196Z  INFO pallet_gear::tests: Value burned for action: 4991637378100
2025-09-18T16:25:30.778214Z  INFO pallet_gear::tests: Value burned for action: 4982409459600
2025-09-18T16:25:30.794592Z  INFO pallet_gear::tests: Value burned for action: 4990388656100
2025-09-18T16:25:30.810382Z  INFO pallet_gear::tests: Value burned for action: 4968530987900
2025-09-18T16:25:30.825809Z  INFO pallet_gear::tests: Value burned for action: 4994585416300
2025-09-18T16:25:30.840897Z  INFO pallet_gear::tests: Value burned for action: 4962697063000
2025-09-18T16:25:30.856327Z  INFO pallet_gear::tests: Value burned for action: 4988720231500
2025-09-18T16:25:30.871405Z  INFO pallet_gear::tests: Value burned for action: 4964631515900
2025-09-18T16:25:30.886770Z  INFO pallet_gear::tests: Value burned for action: 4967127747400
2025-09-18T16:25:30.887565Z  INFO pallet_gear::tests: Value burned for transfer: 40906604700
2025-09-18T16:25:30.888218Z  INFO pallet_gear::tests: Value burned for transfer: 42396539900
2025-09-18T16:25:30.888900Z  INFO pallet_gear::tests: Value burned for transfer: 42396539900
2025-09-18T16:25:30.889599Z  INFO pallet_gear::tests: Value burned for transfer: 40906604700
2025-09-18T16:25:30.890280Z  INFO pallet_gear::tests: Value burned for transfer: 42396539900
2025-09-18T16:25:30.890915Z  INFO pallet_gear::tests: Value burned for transfer: 42396539900
2025-09-18T16:25:30.891653Z  INFO pallet_gear::tests: Value burned for transfer: 40906604700
2025-09-18T16:25:30.892441Z  INFO pallet_gear::tests: Value burned for transfer: 42396539900
2025-09-18T16:25:30.893223Z  INFO pallet_gear::tests: Value burned for transfer: 42396539900
2025-09-18T16:25:30.893928Z  INFO pallet_gear::tests: Value burned for transfer: 42396539900
2025-09-18T16:25:30.894609Z  INFO pallet_gear::tests: Value burned for transfer: 42396539900
2025-09-18T16:25:30.895244Z  INFO pallet_gear::tests: Value burned for transfer: 42396539900
2025-09-18T16:25:30.895916Z  INFO pallet_gear::tests: Value burned for transfer: 42396539900
2025-09-18T16:25:30.896623Z  INFO pallet_gear::tests: Value burned for transfer: 42396539900
2025-09-18T16:25:30.897329Z  INFO pallet_gear::tests: Value burned for transfer: 40906604700
2025-09-18T16:25:30.898054Z  INFO pallet_gear::tests: Value burned for transfer: 42396539900
2025-09-18T16:25:30.898752Z  INFO pallet_gear::tests: Value burned for transfer: 42396539900
2025-09-18T16:25:30.899459Z  INFO pallet_gear::tests: Value burned for transfer: 42396539900
2025-09-18T16:25:30.900147Z  INFO pallet_gear::tests: Value burned for transfer: 42396539900
2025-09-18T16:25:30.900828Z  INFO pallet_gear::tests: Value burned for transfer: 40906604700
2025-09-18T16:25:30.901494Z  INFO pallet_gear::tests: Value burned for transfer: 42396539900
2025-09-18T16:25:30.902166Z  INFO pallet_gear::tests: Value burned for transfer: 42396539900
2025-09-18T16:25:30.902934Z  INFO pallet_gear::tests: Value burned for transfer: 42396539900
2025-09-18T16:25:30.903680Z  INFO pallet_gear::tests: Value burned for transfer: 42396539900
2025-09-18T16:25:30.904363Z  INFO pallet_gear::tests: Value burned for transfer: 42396539900
2025-09-18T16:25:30.905059Z  INFO pallet_gear::tests: Value burned for transfer: 42396539900
2025-09-18T16:25:30.905782Z  INFO pallet_gear::tests: Value burned for transfer: 42396539900
2025-09-18T16:25:30.906455Z  INFO pallet_gear::tests: Value burned for transfer: 40906604700
2025-09-18T16:25:30.907161Z  INFO pallet_gear::tests: Value burned for transfer: 42396539900
2025-09-18T16:25:30.907791Z  INFO pallet_gear::tests: Value burned for transfer: 42396539900
2025-09-18T16:25:30.908470Z  INFO pallet_gear::tests: Value burned for transfer: 42396539900
2025-09-18T16:25:30.909099Z  INFO pallet_gear::tests: Value burned for transfer: 42396539900
2025-09-18T16:25:30.909734Z  INFO pallet_gear::tests: Value burned for transfer: 42396539900
2025-09-18T16:25:30.910385Z  INFO pallet_gear::tests: Value burned for transfer: 42396539900
2025-09-18T16:25:30.911070Z  INFO pallet_gear::tests: Value burned for transfer: 42396539900
2025-09-18T16:25:30.911802Z  INFO pallet_gear::tests: Value burned for transfer: 42396539900
2025-09-18T16:25:30.912481Z  INFO pallet_gear::tests: Value burned for transfer: 42396539900
2025-09-18T16:25:30.913155Z  INFO pallet_gear::tests: Value burned for transfer: 42396539900
2025-09-18T16:25:30.913888Z  INFO pallet_gear::tests: Value burned for transfer: 42396539900
2025-09-18T16:25:30.914582Z  INFO pallet_gear::tests: Value burned for transfer: 42396539900
2025-09-18T16:25:30.915239Z  INFO pallet_gear::tests: Value burned for transfer: 42396539900
2025-09-18T16:25:30.915912Z  INFO pallet_gear::tests: Value burned for transfer: 42396539900
2025-09-18T16:25:30.916582Z  INFO pallet_gear::tests: Value burned for transfer: 42396539900
2025-09-18T16:25:30.917243Z  INFO pallet_gear::tests: Value burned for transfer: 42396539900
2025-09-18T16:25:30.917942Z  INFO pallet_gear::tests: Value burned for transfer: 42396539900
2025-09-18T16:25:30.918655Z  INFO pallet_gear::tests: Value burned for transfer: 42396539900
2025-09-18T16:25:30.919402Z  INFO pallet_gear::tests: Value burned for transfer: 42396539900
2025-09-18T16:25:30.920101Z  INFO pallet_gear::tests: Value burned for transfer: 40906604700
2025-09-18T16:25:30.920791Z  INFO pallet_gear::tests: Value burned for transfer: 42396539900
2025-09-18T16:25:30.921498Z  INFO pallet_gear::tests: Value burned for transfer: 42396539900
2025-09-18T16:25:30.922152Z  INFO pallet_gear::tests: Value burned for transfer: 42396539900
2025-09-18T16:25:30.922817Z  INFO pallet_gear::tests: Value burned for transfer: 42396539900
2025-09-18T16:25:30.923422Z  INFO pallet_gear::tests: Value burned for transfer: 42396539900
2025-09-18T16:25:30.924050Z  INFO pallet_gear::tests: Value burned for transfer: 42396539900
2025-09-18T16:25:30.924646Z  INFO pallet_gear::tests: Value burned for transfer: 42404180400
2025-09-18T16:25:30.925242Z  INFO pallet_gear::tests: Value burned for transfer: 42396539900
2025-09-18T16:25:30.925856Z  INFO pallet_gear::tests: Value burned for transfer: 42396539900
2025-09-18T16:25:30.926456Z  INFO pallet_gear::tests: Value burned for transfer: 42396539900
2025-09-18T16:25:30.927077Z  INFO pallet_gear::tests: Value burned for transfer: 42396539900
2025-09-18T16:25:30.927708Z  INFO pallet_gear::tests: Value burned for transfer: 42396539900
2025-09-18T16:25:30.928346Z  INFO pallet_gear::tests: Value burned for transfer: 42396539900
2025-09-18T16:25:30.928950Z  INFO pallet_gear::tests: Value burned for transfer: 40906604700
2025-09-18T16:25:30.929560Z  INFO pallet_gear::tests: Value burned for transfer: 42396539900
2025-09-18T16:25:30.930164Z  INFO pallet_gear::tests: Value burned for transfer: 42396539900
2025-09-18T16:25:30.930796Z  INFO pallet_gear::tests: Value burned for transfer: 42396539900
2025-09-18T16:25:30.931406Z  INFO pallet_gear::tests: Value burned for transfer: 42396539900
2025-09-18T16:25:30.932161Z  INFO pallet_gear::tests: Value burned for transfer: 42396539900
2025-09-18T16:25:30.932830Z  INFO pallet_gear::tests: Value burned for transfer: 42396539900
2025-09-18T16:25:30.933467Z  INFO pallet_gear::tests: Value burned for transfer: 42396539900
2025-09-18T16:25:30.934098Z  INFO pallet_gear::tests: Value burned for transfer: 42396539900
2025-09-18T16:25:30.934690Z  INFO pallet_gear::tests: Value burned for transfer: 42396539900
2025-09-18T16:25:30.935290Z  INFO pallet_gear::tests: Value burned for transfer: 42396539900
2025-09-18T16:25:30.935906Z  INFO pallet_gear::tests: Value burned for transfer: 42396539900
2025-09-18T16:25:30.936513Z  INFO pallet_gear::tests: Value burned for transfer: 42396539900
2025-09-18T16:25:30.937101Z  INFO pallet_gear::tests: Value burned for transfer: 42396539900
2025-09-18T16:25:30.937689Z  INFO pallet_gear::tests: Value burned for transfer: 42396539900
2025-09-18T16:25:30.938280Z  INFO pallet_gear::tests: Value burned for transfer: 42396539900
2025-09-18T16:25:30.938887Z  INFO pallet_gear::tests: Value burned for transfer: 42396539900
2025-09-18T16:25:30.939497Z  INFO pallet_gear::tests: Value burned for transfer: 42396539900
2025-09-18T16:25:30.940120Z  INFO pallet_gear::tests: Value burned for transfer: 42396539900
2025-09-18T16:25:30.940757Z  INFO pallet_gear::tests: Value burned for transfer: 42396539900
2025-09-18T16:25:30.941396Z  INFO pallet_gear::tests: Value burned for transfer: 42396539900
2025-09-18T16:25:30.942037Z  INFO pallet_gear::tests: Value burned for transfer: 42396539900
2025-09-18T16:25:30.942707Z  INFO pallet_gear::tests: Value burned for transfer: 42396539900
2025-09-18T16:25:30.943318Z  INFO pallet_gear::tests: Value burned for transfer: 42396539900
2025-09-18T16:25:30.943922Z  INFO pallet_gear::tests: Value burned for transfer: 42396539900
2025-09-18T16:25:30.944597Z  INFO pallet_gear::tests: Value burned for transfer: 40906604700
2025-09-18T16:25:30.945222Z  INFO pallet_gear::tests: Value burned for transfer: 42396539900
2025-09-18T16:25:30.945844Z  INFO pallet_gear::tests: Value burned for transfer: 42396539900
2025-09-18T16:25:30.946487Z  INFO pallet_gear::tests: Value burned for transfer: 42396539900
2025-09-18T16:25:30.947148Z  INFO pallet_gear::tests: Value burned for transfer: 42396539900
2025-09-18T16:25:30.947763Z  INFO pallet_gear::tests: Value burned for transfer: 42396539900
2025-09-18T16:25:30.948362Z  INFO pallet_gear::tests: Value burned for transfer: 42396539900
2025-09-18T16:25:30.948951Z  INFO pallet_gear::tests: Value burned for transfer: 42396539900
2025-09-18T16:25:30.949574Z  INFO pallet_gear::tests: Value burned for transfer: 42396539900
2025-09-18T16:25:30.950233Z  INFO pallet_gear::tests: Value burned for transfer: 42396539900
2025-09-18T16:25:30.950867Z  INFO pallet_gear::tests: Value burned for transfer: 42396539900
2025-09-18T16:25:30.951465Z  INFO pallet_gear::tests: Value burned for transfer: 42396539900
2025-09-18T16:25:30.952068Z  INFO pallet_gear::tests: Value burned for transfer: 42396539900
2025-09-18T16:25:30.952662Z  INFO pallet_gear::tests: Value burned for transfer: 42396539900
