2025-09-18T16:28:34.157488Z  WARN runtime: length of a bounded vector in scope Balances Update Locks is not respected.
2025-09-18T16:28:34.157512Z  WARN runtime::balances: Warning: A user has more currency locks than expected. A runtime configuration adjustment may be needed.
2025-09-18T16:28:34.163801Z  INFO pallet_gear::tests: Value burned for init: 640325847800
2025-09-18T16:28:34.164239Z  INFO pallet_gear::tests: Value burned for action: 33562628700
2025-09-18T16:28:34.177539Z  INFO pallet_gear::tests: Value burned for action: 3361520700000
2025-09-18T16:28:34.194175Z  INFO pallet_gear::tests: Value burned for action: 4880901002600
2025-09-18T16:28:34.210592Z  INFO pallet_gear::tests: Value burned for action: 4939608369400
2025-09-18T16:28:34.226652Z  INFO pallet_gear::tests: Value burned for action: 4944930631100
2025-09-18T16:28:34.243219Z  INFO pallet_gear::tests: Value burned for action: 4959616866300
2025-09-18T16:28:34.259401Z  INFO pallet_gear::tests: Value burned for action: 4979930011200
2025-09-18T16:28:34.275308Z  INFO pallet_gear::tests: Value burned for action: 4963841525600
2025-09-18T16:28:34.291288Z  INFO pallet_gear::tests: Value burned for action: 4936884321100
2025-09-18T16:28:34.307156Z  INFO pallet_gear::tests: Value burned for action: 4956589172500
2025-09-18T16:28:34.322544Z  INFO pallet_gear::tests: Value burned for action: 4961808436300
2025-09-18T16:28:34.337794Z  INFO pallet_gear::tests: Value burned for action: 4943019200500
2025-09-18T16:28:34.353467Z  INFO pallet_gear::tests: Value burned for action: 4987117149100
2025-09-18T16:28:34.368982Z  INFO pallet_gear::tests: Value burned for action: 4963616619200
2025-09-18T16:28:34.384144Z  INFO pallet_gear::tests: Value burned for action: 4944581142100
2025-09-18T16:28:34.399535Z  INFO pallet_gear::tests: Value burned for action: 4966824128600
2025-09-18T16:28:34.414994Z  INFO pallet_gear::tests: Value burned for action: 4971841031400
2025-09-18T16:28:34.430380Z  INFO pallet_gear::tests: Value burned for action: 4936146807700
2025-09-18T16:28:34.445958Z  INFO pallet_gear::tests: Value burned for action: 4970621520500
2025-09-18T16:28:34.460509Z  INFO pallet_gear::tests: Value burned for action: 4961162189600
2025-09-18T16:28:34.474213Z  INFO pallet_gear::tests: Value burned for action: 4941358727800
2025-09-18T16:28:34.487901Z  INFO pallet_gear::tests: Value burned for action: 4942017034800
2025-09-18T16:28:34.501560Z  INFO pallet_gear::tests: Value burned for action: 4947971746600
2025-09-18T16:28:34.516198Z  INFO pallet_gear::tests: Value burned for action: 4954594115700
2025-09-18T16:28:34.530139Z  INFO pallet_gear::tests: Value burned for action: 4960768741000
2025-09-18T16:28:34.543687Z  INFO pallet_gear::tests: Value burned for action: 4946570057900
2025-09-18T16:28:34.556980Z  INFO pallet_gear::tests: Value burned for action: 4949694589900
2025-09-18T16:28:34.570196Z  INFO pallet_gear::tests: Value burned for action: 4946310960200
2025-09-18T16:28:34.583510Z  INFO pallet_gear::tests: Value burned for action: 4946415628100
2025-09-18T16:28:34.596735Z  INFO pallet_gear::tests: Value burned for action: 4959875360700
2025-09-18T16:28:34.610254Z  INFO pallet_gear::tests: Value burned for action: 4982069812700
2025-09-18T16:28:34.623736Z  INFO pallet_gear::tests: Value burned for action: 4949319639700
2025-09-18T16:28:34.637362Z  INFO pallet_gear::tests: Value burned for action: 4971492149600
2025-09-18T16:28:34.651434Z  INFO pallet_gear::tests: Value burned for action: 4985990576700
2025-09-18T16:28:34.665582Z  INFO pallet_gear::tests: Value burned for action: 4950802592400
2025-09-18T16:28:34.679582Z  INFO pallet_gear::tests: Value burned for action: 4990415929100
2025-09-18T16:28:34.693566Z  INFO pallet_gear::tests: Value burned for action: 4960379907500
2025-09-18T16:28:34.707794Z  INFO pallet_gear::tests: Value burned for action: 4961580655400
2025-09-18T16:28:34.721779Z  INFO pallet_gear::tests: Value burned for action: 4954914075400
2025-09-18T16:28:34.735519Z  INFO pallet_gear::tests: Value burned for action: 4979662409000
2025-09-18T16:28:34.749441Z  INFO pallet_gear::tests: Value burned for action: 4921544440900
2025-09-18T16:28:34.762849Z  INFO pallet_gear::tests: Value burned for action: 4974131127000
2025-09-18T16:28:34.776295Z  INFO pallet_gear::tests: Value burned for action: 4991637793100
2025-09-18T16:28:34.789682Z  INFO pallet_gear::tests: Value burned for action: 4982409874600
2025-09-18T16:28:34.803126Z  INFO pallet_gear::tests: Value burned for action: 4990389071100
2025-09-18T16:28:34.816494Z  INFO pallet_gear::tests: Value burned for action: 4968531402900
2025-09-18T16:28:34.829900Z  INFO pallet_gear::tests: Value burned for action: 4994585831300
2025-09-18T16:28:34.843346Z  INFO pallet_gear::tests: Value burned for action: 4962697478000
2025-09-18T16:28:34.856966Z  INFO pallet_gear::tests: Value burned for action: 4988720646500
2025-09-18T16:28:34.870552Z  INFO pallet_gear::tests: Value burned for action: 4964631930900
2025-09-18T16:28:34.884240Z  INFO pallet_gear::tests: Value burned for action: 4967128162400
2025-09-18T16:28:34.885009Z  INFO pallet_gear::tests: Value burned for transfer: 40907019700
2025-09-18T16:28:34.885646Z  INFO pallet_gear::tests: Value burned for transfer: 42396954900
2025-09-18T16:28:34.886284Z  INFO pallet_gear::tests: Value burned for transfer: 42396954900
2025-09-18T16:28:34.886867Z  INFO pallet_gear::tests: Value burned for transfer: 40907019700
2025-09-18T16:28:34.887527Z  INFO pallet_gear::tests: Value burned for transfer: 42396954900
2025-09-18T16:28:34.888166Z  INFO pallet_gear::tests: Value burned for transfer: 42396954900
2025-09-18T16:28:34.888775Z  INFO pallet_gear::tests: Value burned for transfer: 40907019700
2025-09-18T16:28:34.889395Z  INFO pallet_gear::tests: Value burned for transfer: 42396954900
2025-09-18T16:28:34.889970Z  INFO pallet_gear::tests: Value burned for transfer: 42396954900
2025-09-18T16:28:34.890587Z  INFO pallet_gear::tests: Value burned for transfer: 42396954900
2025-09-18T16:28:34.891205Z  INFO pallet_gear::tests: Value burned for transfer: 42396954900
2025-09-18T16:28:34.891817Z  INFO pallet_gear::tests: Value burned for transfer: 42396954900
2025-09-18T16:28:34.892445Z  INFO pallet_gear::tests: Value burned for transfer: 42396954900
2025-09-18T16:28:34.893063Z  INFO pallet_gear::tests: Value burned for transfer: 42396954900
2025-09-18T16:28:34.893682Z  INFO pallet_gear::tests: Value burned for transfer: 40907019700
2025-09-18T16:28:34.894312Z  INFO pallet_gear::tests: Value burned for transfer: 42396954900
2025-09-18T16:28:34.894918Z  INFO pallet_gear::tests: Value burned for transfer: 42396954900
2025-09-18T16:28:34.895522Z  INFO pallet_gear::tests: Value burned for transfer: 42396954900
2025-09-18T16:28:34.896157Z  INFO pallet_gear::tests: Value burned for transfer: 42396954900
2025-09-18T16:28:34.896776Z  INFO pallet_gear::tests: Value burned for transfer: 40907019700
2025-09-18T16:28:34.897428Z  INFO pallet_gear::tests: Value burned for transfer: 42396954900
2025-09-18T16:28:34.898066Z  INFO pallet_gear::tests: Value burned for transfer: 42396954900
2025-09-18T16:28:34.898634Z  INFO pallet_gear::tests: Value burned for transfer: 42396954900
2025-09-18T16:28:34.899225Z  INFO pallet_gear::tests: Value burned for transfer: 42396954900
2025-09-18T16:28:34.899839Z  INFO pallet_gear::tests: Value burned for transfer: 42396954900
2025-09-18T16:28:34.900459Z  INFO pallet_gear::tests: Value burned for transfer: 42396954900
2025-09-18T16:28:34.901103Z  INFO pallet_gear::tests: Value burned for transfer: 42396954900
2025-09-18T16:28:34.901721Z  INFO pallet_gear::tests: Value burned for transfer: 40907019700
2025-09-18T16:28:34.902358Z  INFO pallet_gear::tests: Value burned for transfer: 42396954900
2025-09-18T16:28:34.902985Z  INFO pallet_gear::tests: Value burned for transfer: 42396954900
2025-09-18T16:28:34.903594Z  INFO pallet_gear::tests: Value burned for transfer: 42396954900
2025-09-18T16:28:34.904287Z  INFO pallet_gear::tests: Value burned for transfer: 42396954900
2025-09-18T16:28:34.904895Z  INFO pallet_gear::tests: Value burned for transfer: 42396954900
2025-09-18T16:28:34.905519Z  INFO pallet_gear::tests: Value burned for transfer: 42396954900
2025-09-18T16:28:34.906108Z  INFO pallet_gear::tests: Value burned for transfer: 42396954900
2025-09-18T16:28:34.906740Z  INFO pallet_gear::tests: Value burned for transfer: 42396954900
2025-09-18T16:28:34.907341Z  INFO pallet_gear::tests: Value burned for transfer: 42396954900
2025-09-18T16:28:34.907975Z  INFO pallet_gear::tests: Value burned for transfer: 42396954900
2025-09-18T16:28:34.908565Z  INFO pallet_gear::tests: Value burned for transfer: 42396954900
2025-09-18T16:28:34.909173Z  INFO pallet_gear::tests: Value burned for transfer: 42396954900
2025-09-18T16:28:34.909800Z  INFO pallet_gear::tests: Value burned for transfer: 42396954900
2025-09-18T16:28:34.910430Z  INFO pallet_gear::tests: Value burned for transfer: 42396954900
2025-09-18T16:28:34.911058Z  INFO pallet_gear::tests: Value burned for transfer: 42396954900
2025-09-18T16:28:34.911671Z  INFO pallet_gear::tests: Value burned for transfer: 42396954900
2025-09-18T16:28:34.912317Z  INFO pallet_gear::tests: Value burned for transfer: 42396954900
2025-09-18T16:28:34.912939Z  INFO pallet_gear::tests: Value burned for transfer: 42396954900
2025-09-18T16:28:34.913553Z  INFO pallet_gear::tests: Value burned for transfer: 42396954900
2025-09-18T16:28:34.914107Z  INFO pallet_gear::tests: Value burned for transfer: 40907019700
2025-09-18T16:28:34.914937Z  INFO pallet_gear::tests: Value burned for transfer: 42396954900
2025-09-18T16:28:34.915579Z  INFO pallet_gear::tests: Value burned for transfer: 42396954900
2025-09-18T16:28:34.916181Z  INFO pallet_gear::tests: Value burned for transfer: 42396954900
2025-09-18T16:28:34.916761Z  INFO pallet_gear::tests: Value burned for transfer: 42396954900
2025-09-18T16:28:34.917277Z  INFO pallet_gear::tests: Value burned for transfer: 42396954900
2025-09-18T16:28:34.917830Z  INFO pallet_gear::tests: Value burned for transfer: 42396954900
2025-09-18T16:28:34.918424Z  INFO pallet_gear::tests: Value burned for transfer: 42404595400
2025-09-18T16:28:34.919013Z  INFO pallet_gear::tests: Value burned for transfer: 42396954900
2025-09-18T16:28:34.919610Z  INFO pallet_gear::tests: Value burned for transfer: 42396954900
2025-09-18T16:28:34.920268Z  INFO pallet_gear::tests: Value burned for transfer: 42396954900
2025-09-18T16:28:34.920896Z  INFO pallet_gear::tests: Value burned for transfer: 42396954900
2025-09-18T16:28:34.921515Z  INFO pallet_gear::tests: Value burned for transfer: 42396954900
2025-09-18T16:28:34.922110Z  INFO pallet_gear::tests: Value burned for transfer: 42396954900
2025-09-18T16:28:34.922703Z  INFO pallet_gear::tests: Value burned for transfer: 40907019700
2025-09-18T16:28:34.923260Z  INFO pallet_gear::tests: Value burned for transfer: 42396954900
2025-09-18T16:28:34.923872Z  INFO pallet_gear::tests: Value burned for transfer: 42396954900
2025-09-18T16:28:34.924495Z  INFO pallet_gear::tests: Value burned for transfer: 42396954900
2025-09-18T16:28:34.925109Z  INFO pallet_gear::tests: Value burned for transfer: 42396954900
2025-09-18T16:28:34.925725Z  INFO pallet_gear::tests: Value burned for transfer: 42396954900
2025-09-18T16:28:34.926336Z  INFO pallet_gear::tests: Value burned for transfer: 42396954900
2025-09-18T16:28:34.926930Z  INFO pallet_gear::tests: Value burned for transfer: 42396954900
2025-09-18T16:28:34.927530Z  INFO pallet_gear::tests: Value burned for transfer: 42396954900
2025-09-18T16:28:34.928164Z  INFO pallet_gear::tests: Value burned for transfer: 42396954900
2025-09-18T16:28:34.928767Z  INFO pallet_gear::tests: Value burned for transfer: 42396954900
2025-09-18T16:28:34.929372Z  INFO pallet_gear::tests: Value burned for transfer: 42396954900
2025-09-18T16:28:34.929980Z  INFO pallet_gear::tests: Value burned for transfer: 42396954900
2025-09-18T16:28:34.930583Z  INFO pallet_gear::tests: Value burned for transfer: 42396954900
2025-09-18T16:28:34.931185Z  INFO pallet_gear::tests: Value burned for transfer: 42396954900
2025-09-18T16:28:34.931797Z  INFO pallet_gear::tests: Value burned for transfer: 42396954900
2025-09-18T16:28:34.932396Z  INFO pallet_gear::tests: Value burned for transfer: 42396954900
2025-09-18T16:28:34.932964Z  INFO pallet_gear::tests: Value burned for transfer: 42396954900
2025-09-18T16:28:34.933559Z  INFO pallet_gear::tests: Value burned for transfer: 42396954900
2025-09-18T16:28:34.934153Z  INFO pallet_gear::tests: Value burned for transfer: 42396954900
2025-09-18T16:28:34.934766Z  INFO pallet_gear::tests: Value burned for transfer: 42396954900
2025-09-18T16:28:34.935397Z  INFO pallet_gear::tests: Value burned for transfer: 42396954900
2025-09-18T16:28:34.936010Z  INFO pallet_gear::tests: Value burned for transfer: 42396954900
2025-09-18T16:28:34.936611Z  INFO pallet_gear::tests: Value burned for transfer: 42396954900
2025-09-18T16:28:34.937214Z  INFO pallet_gear::tests: Value burned for transfer: 42396954900
2025-09-18T16:28:34.937798Z  INFO pallet_gear::tests: Value burned for transfer: 40907019700
2025-09-18T16:28:34.938403Z  INFO pallet_gear::tests: Value burned for transfer: 42396954900
2025-09-18T16:28:34.939009Z  INFO pallet_gear::tests: Value burned for transfer: 42396954900
2025-09-18T16:28:34.939793Z  INFO pallet_gear::tests: Value burned for transfer: 42396954900
2025-09-18T16:28:34.940538Z  INFO pallet_gear::tests: Value burned for transfer: 42396954900
2025-09-18T16:28:34.941106Z  INFO pallet_gear::tests: Value burned for transfer: 42396954900
2025-09-18T16:28:34.941682Z  INFO pallet_gear::tests: Value burned for transfer: 42396954900
2025-09-18T16:28:34.942251Z  INFO pallet_gear::tests: Value burned for transfer: 42396954900
2025-09-18T16:28:34.942855Z  INFO pallet_gear::tests: Value burned for transfer: 42396954900
2025-09-18T16:28:34.943471Z  INFO pallet_gear::tests: Value burned for transfer: 42396954900
2025-09-18T16:28:34.944082Z  INFO pallet_gear::tests: Value burned for transfer: 42396954900
2025-09-18T16:28:34.944698Z  INFO pallet_gear::tests: Value burned for transfer: 42396954900
2025-09-18T16:28:34.945298Z  INFO pallet_gear::tests: Value burned for transfer: 42396954900
2025-09-18T16:28:34.945910Z  INFO pallet_gear::tests: Value burned for transfer: 42396954900
