2025-09-18T18:17:36.628536Z  WARN runtime: length of a bounded vector in scope Balances Update Locks is not respected.
2025-09-18T18:17:36.628550Z  WARN runtime::balances: Warning: A user has more currency locks than expected. A runtime configuration adjustment may be needed.
2025-09-18T18:17:36.634139Z  INFO pallet_gear::tests: Value burned for init: 641654968600
2025-09-18T18:17:36.634551Z  INFO pallet_gear::tests: Value burned for action: 35074516800
2025-09-18T18:17:36.648088Z  INFO pallet_gear::tests: Value burned for action: 3361142450600
2025-09-18T18:17:36.666737Z  INFO pallet_gear::tests: Value burned for action: 4854969301200
2025-09-18T18:17:36.684558Z  INFO pallet_gear::tests: Value burned for action: 4929419799000
2025-09-18T18:17:36.701873Z  INFO pallet_gear::tests: Value burned for action: 4964765744200
2025-09-18T18:17:36.716156Z  INFO pallet_gear::tests: Value burned for action: 4953450344400
2025-09-18T18:17:36.729727Z  INFO pallet_gear::tests: Value burned for action: 4954688266300
2025-09-18T18:17:36.744169Z  INFO pallet_gear::tests: Value burned for action: 4952169752700
2025-09-18T18:17:36.757706Z  INFO pallet_gear::tests: Value burned for action: 4939796746200
2025-09-18T18:17:36.772704Z  INFO pallet_gear::tests: Value burned for action: 4952595809600
2025-09-18T18:17:36.786636Z  INFO pallet_gear::tests: Value burned for action: 4988142402400
2025-09-18T18:17:36.800723Z  INFO pallet_gear::tests: Value burned for action: 4967566318600
2025-09-18T18:17:36.814764Z  INFO pallet_gear::tests: Value burned for action: 4978391157200
2025-09-18T18:17:36.828614Z  INFO pallet_gear::tests: Value burned for action: 4970633758300
2025-09-18T18:17:36.843265Z  INFO pallet_gear::tests: Value burned for action: 4943533560200
2025-09-18T18:17:36.858980Z  INFO pallet_gear::tests: Value burned for action: 4960657606700
2025-09-18T18:17:36.872946Z  INFO pallet_gear::tests: Value burned for action: 4992428142500
2025-09-18T18:17:36.886946Z  INFO pallet_gear::tests: Value burned for action: 4956347607800
2025-09-18T18:17:36.902431Z  INFO pallet_gear::tests: Value burned for action: 4969573938600
2025-09-18T18:17:36.917447Z  INFO pallet_gear::tests: Value burned for action: 4960500918700
2025-09-18T18:17:36.932785Z  INFO pallet_gear::tests: Value burned for action: 4932874339900
2025-09-18T18:17:36.947527Z  INFO pallet_gear::tests: Value burned for action: 4938409982900
2025-09-18T18:17:36.962633Z  INFO pallet_gear::tests: Value burned for action: 4923116312700
2025-09-18T18:17:36.976858Z  INFO pallet_gear::tests: Value burned for action: 4920128716800
2025-09-18T18:17:36.991658Z  INFO pallet_gear::tests: Value burned for action: 4972904820100
2025-09-18T18:17:37.005938Z  INFO pallet_gear::tests: Value burned for action: 4987191309200
2025-09-18T18:17:37.020132Z  INFO pallet_gear::tests: Value burned for action: 4951206478000
2025-09-18T18:17:37.033793Z  INFO pallet_gear::tests: Value burned for action: 4941061767300
2025-09-18T18:17:37.048417Z  INFO pallet_gear::tests: Value burned for action: 4962898025200
2025-09-18T18:17:37.063005Z  INFO pallet_gear::tests: Value burned for action: 4939752555800
2025-09-18T18:17:37.076819Z  INFO pallet_gear::tests: Value burned for action: 4979235382800
2025-09-18T18:17:37.092091Z  INFO pallet_gear::tests: Value burned for action: 4995743054800
2025-09-18T18:17:37.107168Z  INFO pallet_gear::tests: Value burned for action: 4995211336900
2025-09-18T18:17:37.122230Z  INFO pallet_gear::tests: Value burned for action: 4975477736800
2025-09-18T18:17:37.137573Z  INFO pallet_gear::tests: Value burned for action: 4958592353500
2025-09-18T18:17:37.152721Z  INFO pallet_gear::tests: Value burned for action: 4991927817200
2025-09-18T18:17:37.167490Z  INFO pallet_gear::tests: Value burned for action: 4972902297600
2025-09-18T18:17:37.183184Z  INFO pallet_gear::tests: Value burned for action: 4970770953500
2025-09-18T18:17:37.197351Z  INFO pallet_gear::tests: Value burned for action: 4935563892500
2025-09-18T18:17:37.211756Z  INFO pallet_gear::tests: Value burned for action: 4976586375100
2025-09-18T18:17:37.226496Z  INFO pallet_gear::tests: Value burned for action: 4976660492000
2025-09-18T18:17:37.240263Z  INFO pallet_gear::tests: Value burned for action: 5005584033100
2025-09-18T18:17:37.254897Z  INFO pallet_gear::tests: Value burned for action: 4984843356200
2025-09-18T18:17:37.268568Z  INFO pallet_gear::tests: Value burned for action: 4952104498500
2025-09-18T18:17:37.282712Z  INFO pallet_gear::tests: Value burned for action: 4990742026200
2025-09-18T18:17:37.296688Z  INFO pallet_gear::tests: Value burned for action: 4918467580000
2025-09-18T18:17:37.312297Z  INFO pallet_gear::tests: Value burned for action: 4999429811400
2025-09-18T18:17:37.327320Z  INFO pallet_gear::tests: Value burned for action: 4937214129100
2025-09-18T18:17:37.342405Z  INFO pallet_gear::tests: Value burned for action: 4972791953800
2025-09-18T18:17:37.357950Z  INFO pallet_gear::tests: Value burned for action: 4994153282000
2025-09-18T18:17:37.372845Z  INFO pallet_gear::tests: Value burned for action: 4994862665500
2025-09-18T18:17:37.373698Z  INFO pallet_gear::tests: Value burned for transfer: 42418907800
2025-09-18T18:17:37.374322Z  INFO pallet_gear::tests: Value burned for transfer: 43908843000
2025-09-18T18:17:37.374981Z  INFO pallet_gear::tests: Value burned for transfer: 45398778200
2025-09-18T18:17:37.376670Z  INFO pallet_gear::tests: Value burned for transfer: 42418907800
2025-09-18T18:17:37.377304Z  INFO pallet_gear::tests: Value burned for transfer: 43908843000
2025-09-18T18:17:37.378057Z  INFO pallet_gear::tests: Value burned for transfer: 43908843000
2025-09-18T18:17:37.378673Z  INFO pallet_gear::tests: Value burned for transfer: 43908843000
2025-09-18T18:17:37.379286Z  INFO pallet_gear::tests: Value burned for transfer: 42418907800
2025-09-18T18:17:37.380001Z  INFO pallet_gear::tests: Value burned for transfer: 43908843000
2025-09-18T18:17:37.380676Z  INFO pallet_gear::tests: Value burned for transfer: 43908843000
2025-09-18T18:17:37.381359Z  INFO pallet_gear::tests: Value burned for transfer: 43908843000
2025-09-18T18:17:37.382103Z  INFO pallet_gear::tests: Value burned for transfer: 43908843000
2025-09-18T18:17:37.382787Z  INFO pallet_gear::tests: Value burned for transfer: 43908843000
2025-09-18T18:17:37.383553Z  INFO pallet_gear::tests: Value burned for transfer: 43908843000
2025-09-18T18:17:37.385026Z  INFO pallet_gear::tests: Value burned for transfer: 43908843000
2025-09-18T18:17:37.385694Z  INFO pallet_gear::tests: Value burned for transfer: 43908843000
2025-09-18T18:17:37.386348Z  INFO pallet_gear::tests: Value burned for transfer: 43908843000
2025-09-18T18:17:37.386970Z  INFO pallet_gear::tests: Value burned for transfer: 43908843000
2025-09-18T18:17:37.387595Z  INFO pallet_gear::tests: Value burned for transfer: 43908843000
2025-09-18T18:17:37.388307Z  INFO pallet_gear::tests: Value burned for transfer: 42418907800
2025-09-18T18:17:37.388915Z  INFO pallet_gear::tests: Value burned for transfer: 43908843000
2025-09-18T18:17:37.389586Z  INFO pallet_gear::tests: Value burned for transfer: 43908843000
2025-09-18T18:17:37.390301Z  INFO pallet_gear::tests: Value burned for transfer: 43908843000
2025-09-18T18:17:37.390963Z  INFO pallet_gear::tests: Value burned for transfer: 43908843000
2025-09-18T18:17:37.391699Z  INFO pallet_gear::tests: Value burned for transfer: 43908843000
2025-09-18T18:17:37.393371Z  INFO pallet_gear::tests: Value burned for transfer: 43908843000
2025-09-18T18:17:37.394092Z  INFO pallet_gear::tests: Value burned for transfer: 43908843000
2025-09-18T18:17:37.394743Z  INFO pallet_gear::tests: Value burned for transfer: 42418907800
2025-09-18T18:17:37.395421Z  INFO pallet_gear::tests: Value burned for transfer: 43908843000
2025-09-18T18:17:37.396009Z  INFO pallet_gear::tests: Value burned for transfer: 43908843000
2025-09-18T18:17:37.396697Z  INFO pallet_gear::tests: Value burned for transfer: 43908843000
2025-09-18T18:17:37.397377Z  INFO pallet_gear::tests: Value burned for transfer: 43908843000
2025-09-18T18:17:37.398024Z  INFO pallet_gear::tests: Value burned for transfer: 43908843000
2025-09-18T18:17:37.398716Z  INFO pallet_gear::tests: Value burned for transfer: 43908843000
2025-09-18T18:17:37.399391Z  INFO pallet_gear::tests: Value burned for transfer: 43908843000
2025-09-18T18:17:37.400015Z  INFO pallet_gear::tests: Value burned for transfer: 43908843000
2025-09-18T18:17:37.400629Z  INFO pallet_gear::tests: Value burned for transfer: 42418907800
2025-09-18T18:17:37.401260Z  INFO pallet_gear::tests: Value burned for transfer: 43908843000
2025-09-18T18:17:37.402907Z  INFO pallet_gear::tests: Value burned for transfer: 43908843000
2025-09-18T18:17:37.403558Z  INFO pallet_gear::tests: Value burned for transfer: 43908843000
2025-09-18T18:17:37.404188Z  INFO pallet_gear::tests: Value burned for transfer: 43908843000
2025-09-18T18:17:37.404794Z  INFO pallet_gear::tests: Value burned for transfer: 43908843000
2025-09-18T18:17:37.405400Z  INFO pallet_gear::tests: Value burned for transfer: 43908843000
2025-09-18T18:17:37.406079Z  INFO pallet_gear::tests: Value burned for transfer: 43908843000
2025-09-18T18:17:37.406830Z  INFO pallet_gear::tests: Value burned for transfer: 43908843000
2025-09-18T18:17:37.407647Z  INFO pallet_gear::tests: Value burned for transfer: 43908843000
2025-09-18T18:17:37.409258Z  INFO pallet_gear::tests: Value burned for transfer: 43908843000
2025-09-18T18:17:37.409841Z  INFO pallet_gear::tests: Value burned for transfer: 42418907800
2025-09-18T18:17:37.410469Z  INFO pallet_gear::tests: Value burned for transfer: 43908843000
2025-09-18T18:17:37.411087Z  INFO pallet_gear::tests: Value burned for transfer: 43908843000
2025-09-18T18:17:37.411662Z  INFO pallet_gear::tests: Value burned for transfer: 43908843000
2025-09-18T18:17:37.412231Z  INFO pallet_gear::tests: Value burned for transfer: 43908843000
2025-09-18T18:17:37.412823Z  INFO pallet_gear::tests: Value burned for transfer: 43908843000
2025-09-18T18:17:37.413386Z  INFO pallet_gear::tests: Value burned for transfer: 42418907800
2025-09-18T18:17:37.413959Z  INFO pallet_gear::tests: Value burned for transfer: 43916483500
2025-09-18T18:17:37.414551Z  INFO pallet_gear::tests: Value burned for transfer: 43908843000
2025-09-18T18:17:37.415256Z  INFO pallet_gear::tests: Value burned for transfer: 43908843000
2025-09-18T18:17:37.415823Z  INFO pallet_gear::tests: Value burned for transfer: 43908843000
2025-09-18T18:17:37.417476Z  INFO pallet_gear::tests: Value burned for transfer: 43908843000
2025-09-18T18:17:37.418155Z  INFO pallet_gear::tests: Value burned for transfer: 42418907800
2025-09-18T18:17:37.418876Z  INFO pallet_gear::tests: Value burned for transfer: 43908843000
2025-09-18T18:17:37.419587Z  INFO pallet_gear::tests: Value burned for transfer: 43908843000
2025-09-18T18:17:37.420244Z  INFO pallet_gear::tests: Value burned for transfer: 42418907800
2025-09-18T18:17:37.420882Z  INFO pallet_gear::tests: Value burned for transfer: 43908843000
2025-09-18T18:17:37.421483Z  INFO pallet_gear::tests: Value burned for transfer: 43908843000
2025-09-18T18:17:37.422068Z  INFO pallet_gear::tests: Value burned for transfer: 43908843000
2025-09-18T18:17:37.422789Z  INFO pallet_gear::tests: Value burned for transfer: 43908843000
2025-09-18T18:17:37.423453Z  INFO pallet_gear::tests: Value burned for transfer: 43908843000
2025-09-18T18:17:37.424055Z  INFO pallet_gear::tests: Value burned for transfer: 43908843000
2025-09-18T18:17:37.425631Z  INFO pallet_gear::tests: Value burned for transfer: 43908843000
2025-09-18T18:17:37.426237Z  INFO pallet_gear::tests: Value burned for transfer: 43908843000
2025-09-18T18:17:37.426875Z  INFO pallet_gear::tests: Value burned for transfer: 43908843000
2025-09-18T18:17:37.427496Z  INFO pallet_gear::tests: Value burned for transfer: 43908843000
2025-09-18T18:17:37.428101Z  INFO pallet_gear::tests: Value burned for transfer: 43908843000
2025-09-18T18:17:37.428809Z  INFO pallet_gear::tests: Value burned for transfer: 43908843000
2025-09-18T18:17:37.429596Z  INFO pallet_gear::tests: Value burned for transfer: 43908843000
2025-09-18T18:17:37.430297Z  INFO pallet_gear::tests: Value burned for transfer: 43908843000
2025-09-18T18:17:37.430995Z  INFO pallet_gear::tests: Value burned for transfer: 43908843000
2025-09-18T18:17:37.432351Z  INFO pallet_gear::tests: Value burned for transfer: 43908843000
2025-09-18T18:17:37.433029Z  INFO pallet_gear::tests: Value burned for transfer: 43908843000
2025-09-18T18:17:37.433644Z  INFO pallet_gear::tests: Value burned for transfer: 43908843000
2025-09-18T18:17:37.434247Z  INFO pallet_gear::tests: Value burned for transfer: 43908843000
2025-09-18T18:17:37.434868Z  INFO pallet_gear::tests: Value burned for transfer: 43908843000
2025-09-18T18:17:37.435572Z  INFO pallet_gear::tests: Value burned for transfer: 43908843000
2025-09-18T18:17:37.436218Z  INFO pallet_gear::tests: Value burned for transfer: 43908843000
2025-09-18T18:17:37.436823Z  INFO pallet_gear::tests: Value burned for transfer: 43908843000
2025-09-18T18:17:37.437423Z  INFO pallet_gear::tests: Value burned for transfer: 43908843000
2025-09-18T18:17:37.438023Z  INFO pallet_gear::tests: Value burned for transfer: 43908843000
2025-09-18T18:17:37.438680Z  INFO pallet_gear::tests: Value burned for transfer: 43908843000
2025-09-18T18:17:37.439265Z  INFO pallet_gear::tests: Value burned for transfer: 43908843000
2025-09-18T18:17:37.439830Z  INFO pallet_gear::tests: Value burned for transfer: 43908843000
2025-09-18T18:17:37.440408Z  INFO pallet_gear::tests: Value burned for transfer: 43908843000
2025-09-18T18:17:37.440972Z  INFO pallet_gear::tests: Value burned for transfer: 43908843000
2025-09-18T18:17:37.441567Z  INFO pallet_gear::tests: Value burned for transfer: 43908843000
2025-09-18T18:17:37.442209Z  INFO pallet_gear::tests: Value burned for transfer: 42418907800
2025-09-18T18:17:37.442780Z  INFO pallet_gear::tests: Value burned for transfer: 43908843000
2025-09-18T18:17:37.443341Z  INFO pallet_gear::tests: Value burned for transfer: 43908843000
2025-09-18T18:17:37.443913Z  INFO pallet_gear::tests: Value burned for transfer: 43908843000
2025-09-18T18:17:37.444547Z  INFO pallet_gear::tests: Value burned for transfer: 43908843000
2025-09-18T18:17:37.445123Z  INFO pallet_gear::tests: Value burned for transfer: 43908843000
