2025-09-18T16:22:55.030876Z  WARN runtime: length of a bounded vector in scope Balances Update Locks is not respected.
2025-09-18T16:22:55.030893Z  WARN runtime::balances: Warning: A user has more currency locks than expected. A runtime configuration adjustment may be needed.
2025-09-18T16:22:55.036417Z  INFO pallet_gear::tests: Value burned for init: 640325681800
2025-09-18T16:22:55.036844Z  INFO pallet_gear::tests: Value burned for action: 33562462700
2025-09-18T16:22:55.049888Z  INFO pallet_gear::tests: Value burned for action: 3361520534000
2025-09-18T16:22:55.065843Z  INFO pallet_gear::tests: Value burned for action: 4880900836600
2025-09-18T16:22:55.081687Z  INFO pallet_gear::tests: Value burned for action: 4939608203400
2025-09-18T16:22:55.097381Z  INFO pallet_gear::tests: Value burned for action: 4944930465100
2025-09-18T16:22:55.113744Z  INFO pallet_gear::tests: Value burned for action: 4959616700300
2025-09-18T16:22:55.130185Z  INFO pallet_gear::tests: Value burned for action: 4979929845200
2025-09-18T16:22:55.146346Z  INFO pallet_gear::tests: Value burned for action: 4963841359600
2025-09-18T16:22:55.162725Z  INFO pallet_gear::tests: Value burned for action: 4936884155100
2025-09-18T16:22:55.179041Z  INFO pallet_gear::tests: Value burned for action: 4956589006500
2025-09-18T16:22:55.195098Z  INFO pallet_gear::tests: Value burned for action: 4961808270300
2025-09-18T16:22:55.210184Z  INFO pallet_gear::tests: Value burned for action: 4943019034500
2025-09-18T16:22:55.225904Z  INFO pallet_gear::tests: Value burned for action: 4987116983100
2025-09-18T16:22:55.242527Z  INFO pallet_gear::tests: Value burned for action: 4963616453200
2025-09-18T16:22:55.258829Z  INFO pallet_gear::tests: Value burned for action: 4944580976100
2025-09-18T16:22:55.275599Z  INFO pallet_gear::tests: Value burned for action: 4966823962600
2025-09-18T16:22:55.291253Z  INFO pallet_gear::tests: Value burned for action: 4971840865400
2025-09-18T16:22:55.307439Z  INFO pallet_gear::tests: Value burned for action: 4936146641700
2025-09-18T16:22:55.324489Z  INFO pallet_gear::tests: Value burned for action: 4970621354500
2025-09-18T16:22:55.340827Z  INFO pallet_gear::tests: Value burned for action: 4961162023600
2025-09-18T16:22:55.356205Z  INFO pallet_gear::tests: Value burned for action: 4941358561800
2025-09-18T16:22:55.371052Z  INFO pallet_gear::tests: Value burned for action: 4942016868800
2025-09-18T16:22:55.386066Z  INFO pallet_gear::tests: Value burned for action: 4947971580600
2025-09-18T16:22:55.400721Z  INFO pallet_gear::tests: Value burned for action: 4954593949700
2025-09-18T16:22:55.415865Z  INFO pallet_gear::tests: Value burned for action: 4960768575000
2025-09-18T16:22:55.430667Z  INFO pallet_gear::tests: Value burned for action: 4946569891900
2025-09-18T16:22:55.445447Z  INFO pallet_gear::tests: Value burned for action: 4949694423900
2025-09-18T16:22:55.460085Z  INFO pallet_gear::tests: Value burned for action: 4946310794200
2025-09-18T16:22:55.474353Z  INFO pallet_gear::tests: Value burned for action: 4946415462100
2025-09-18T16:22:55.489016Z  INFO pallet_gear::tests: Value burned for action: 4959875194700
2025-09-18T16:22:55.504579Z  INFO pallet_gear::tests: Value burned for action: 4982069646700
2025-09-18T16:22:55.520593Z  INFO pallet_gear::tests: Value burned for action: 4949319473700
2025-09-18T16:22:55.536864Z  INFO pallet_gear::tests: Value burned for action: 4971491983600
2025-09-18T16:22:55.552451Z  INFO pallet_gear::tests: Value burned for action: 4985990410700
2025-09-18T16:22:55.567908Z  INFO pallet_gear::tests: Value burned for action: 4950802426400
2025-09-18T16:22:55.584081Z  INFO pallet_gear::tests: Value burned for action: 4990415763100
2025-09-18T16:22:55.600065Z  INFO pallet_gear::tests: Value burned for action: 4960379741500
2025-09-18T16:22:55.616013Z  INFO pallet_gear::tests: Value burned for action: 4961580489400
2025-09-18T16:22:55.631889Z  INFO pallet_gear::tests: Value burned for action: 4954913909400
2025-09-18T16:22:55.648410Z  INFO pallet_gear::tests: Value burned for action: 4979662243000
2025-09-18T16:22:55.663869Z  INFO pallet_gear::tests: Value burned for action: 4921544274900
2025-09-18T16:22:55.679182Z  INFO pallet_gear::tests: Value burned for action: 4974130961000
2025-09-18T16:22:55.695024Z  INFO pallet_gear::tests: Value burned for action: 4991637627100
2025-09-18T16:22:55.710787Z  INFO pallet_gear::tests: Value burned for action: 4982409708600
2025-09-18T16:22:55.726198Z  INFO pallet_gear::tests: Value burned for action: 4990388905100
2025-09-18T16:22:55.742141Z  INFO pallet_gear::tests: Value burned for action: 4968531236900
2025-09-18T16:22:55.757585Z  INFO pallet_gear::tests: Value burned for action: 4994585665300
2025-09-18T16:22:55.772698Z  INFO pallet_gear::tests: Value burned for action: 4962697312000
2025-09-18T16:22:55.789055Z  INFO pallet_gear::tests: Value burned for action: 4988720480500
2025-09-18T16:22:55.804729Z  INFO pallet_gear::tests: Value burned for action: 4964631764900
2025-09-18T16:22:55.820385Z  INFO pallet_gear::tests: Value burned for action: 4967127996400
2025-09-18T16:22:55.821250Z  INFO pallet_gear::tests: Value burned for transfer: 40906853700
2025-09-18T16:22:55.821915Z  INFO pallet_gear::tests: Value burned for transfer: 42396788900
2025-09-18T16:22:55.822529Z  INFO pallet_gear::tests: Value burned for transfer: 42396788900
2025-09-18T16:22:55.823139Z  INFO pallet_gear::tests: Value burned for transfer: 40906853700
2025-09-18T16:22:55.823751Z  INFO pallet_gear::tests: Value burned for transfer: 42396788900
2025-09-18T16:22:55.824350Z  INFO pallet_gear::tests: Value burned for transfer: 42396788900
2025-09-18T16:22:55.824939Z  INFO pallet_gear::tests: Value burned for transfer: 40906853700
2025-09-18T16:22:55.825575Z  INFO pallet_gear::tests: Value burned for transfer: 42396788900
2025-09-18T16:22:55.826202Z  INFO pallet_gear::tests: Value burned for transfer: 42396788900
2025-09-18T16:22:55.826806Z  INFO pallet_gear::tests: Value burned for transfer: 42396788900
2025-09-18T16:22:55.827406Z  INFO pallet_gear::tests: Value burned for transfer: 42396788900
2025-09-18T16:22:55.828012Z  INFO pallet_gear::tests: Value burned for transfer: 42396788900
2025-09-18T16:22:55.828628Z  INFO pallet_gear::tests: Value burned for transfer: 42396788900
2025-09-18T16:22:55.829293Z  INFO pallet_gear::tests: Value burned for transfer: 42396788900
2025-09-18T16:22:55.829920Z  INFO pallet_gear::tests: Value burned for transfer: 40906853700
2025-09-18T16:22:55.830510Z  INFO pallet_gear::tests: Value burned for transfer: 42396788900
2025-09-18T16:22:55.831136Z  INFO pallet_gear::tests: Value burned for transfer: 42396788900
2025-09-18T16:22:55.831735Z  INFO pallet_gear::tests: Value burned for transfer: 42396788900
2025-09-18T16:22:55.832325Z  INFO pallet_gear::tests: Value burned for transfer: 42396788900
2025-09-18T16:22:55.832961Z  INFO pallet_gear::tests: Value burned for transfer: 40906853700
2025-09-18T16:22:55.833556Z  INFO pallet_gear::tests: Value burned for transfer: 42396788900
2025-09-18T16:22:55.834170Z  INFO pallet_gear::tests: Value burned for transfer: 42396788900
2025-09-18T16:22:55.834797Z  INFO pallet_gear::tests: Value burned for transfer: 42396788900
2025-09-18T16:22:55.835399Z  INFO pallet_gear::tests: Value burned for transfer: 42396788900
2025-09-18T16:22:55.835993Z  INFO pallet_gear::tests: Value burned for transfer: 42396788900
2025-09-18T16:22:55.836708Z  INFO pallet_gear::tests: Value burned for transfer: 42396788900
2025-09-18T16:22:55.837341Z  INFO pallet_gear::tests: Value burned for transfer: 42396788900
2025-09-18T16:22:55.837951Z  INFO pallet_gear::tests: Value burned for transfer: 40906853700
2025-09-18T16:22:55.838539Z  INFO pallet_gear::tests: Value burned for transfer: 42396788900
2025-09-18T16:22:55.839146Z  INFO pallet_gear::tests: Value burned for transfer: 42396788900
2025-09-18T16:22:55.839785Z  INFO pallet_gear::tests: Value burned for transfer: 42396788900
2025-09-18T16:22:55.840406Z  INFO pallet_gear::tests: Value burned for transfer: 42396788900
2025-09-18T16:22:55.841027Z  INFO pallet_gear::tests: Value burned for transfer: 42396788900
2025-09-18T16:22:55.841624Z  INFO pallet_gear::tests: Value burned for transfer: 42396788900
2025-09-18T16:22:55.842260Z  INFO pallet_gear::tests: Value burned for transfer: 42396788900
2025-09-18T16:22:55.842915Z  INFO pallet_gear::tests: Value burned for transfer: 42396788900
2025-09-18T16:22:55.843524Z  INFO pallet_gear::tests: Value burned for transfer: 42396788900
2025-09-18T16:22:55.844119Z  INFO pallet_gear::tests: Value burned for transfer: 42396788900
2025-09-18T16:22:55.844719Z  INFO pallet_gear::tests: Value burned for transfer: 42396788900
2025-09-18T16:22:55.845316Z  INFO pallet_gear::tests: Value burned for transfer: 42396788900
2025-09-18T16:22:55.845909Z  INFO pallet_gear::tests: Value burned for transfer: 42396788900
2025-09-18T16:22:55.846526Z  INFO pallet_gear::tests: Value burned for transfer: 42396788900
2025-09-18T16:22:55.847128Z  INFO pallet_gear::tests: Value burned for transfer: 42396788900
2025-09-18T16:22:55.847715Z  INFO pallet_gear::tests: Value burned for transfer: 42396788900
2025-09-18T16:22:55.848333Z  INFO pallet_gear::tests: Value burned for transfer: 42396788900
2025-09-18T16:22:55.848914Z  INFO pallet_gear::tests: Value burned for transfer: 42396788900
2025-09-18T16:22:55.849489Z  INFO pallet_gear::tests: Value burned for transfer: 42396788900
2025-09-18T16:22:55.850117Z  INFO pallet_gear::tests: Value burned for transfer: 40906853700
2025-09-18T16:22:55.850757Z  INFO pallet_gear::tests: Value burned for transfer: 42396788900
2025-09-18T16:22:55.851366Z  INFO pallet_gear::tests: Value burned for transfer: 42396788900
2025-09-18T16:22:55.851966Z  INFO pallet_gear::tests: Value burned for transfer: 42396788900
2025-09-18T16:22:55.852555Z  INFO pallet_gear::tests: Value burned for transfer: 42396788900
2025-09-18T16:22:55.853164Z  INFO pallet_gear::tests: Value burned for transfer: 42396788900
2025-09-18T16:22:55.853748Z  INFO pallet_gear::tests: Value burned for transfer: 42396788900
2025-09-18T16:22:55.854356Z  INFO pallet_gear::tests: Value burned for transfer: 42404429400
2025-09-18T16:22:55.854952Z  INFO pallet_gear::tests: Value burned for transfer: 42396788900
2025-09-18T16:22:55.855571Z  INFO pallet_gear::tests: Value burned for transfer: 42396788900
2025-09-18T16:22:55.856156Z  INFO pallet_gear::tests: Value burned for transfer: 42396788900
2025-09-18T16:22:55.856805Z  INFO pallet_gear::tests: Value burned for transfer: 42396788900
2025-09-18T16:22:55.857399Z  INFO pallet_gear::tests: Value burned for transfer: 42396788900
2025-09-18T16:22:55.858004Z  INFO pallet_gear::tests: Value burned for transfer: 42396788900
2025-09-18T16:22:55.858610Z  INFO pallet_gear::tests: Value burned for transfer: 40906853700
2025-09-18T16:22:55.859223Z  INFO pallet_gear::tests: Value burned for transfer: 42396788900
2025-09-18T16:22:55.859873Z  INFO pallet_gear::tests: Value burned for transfer: 42396788900
2025-09-18T16:22:55.860697Z  INFO pallet_gear::tests: Value burned for transfer: 42396788900
2025-09-18T16:22:55.861396Z  INFO pallet_gear::tests: Value burned for transfer: 42396788900
2025-09-18T16:22:55.862084Z  INFO pallet_gear::tests: Value burned for transfer: 42396788900
2025-09-18T16:22:55.862711Z  INFO pallet_gear::tests: Value burned for transfer: 42396788900
2025-09-18T16:22:55.863309Z  INFO pallet_gear::tests: Value burned for transfer: 42396788900
2025-09-18T16:22:55.863922Z  INFO pallet_gear::tests: Value burned for transfer: 42396788900
2025-09-18T16:22:55.864532Z  INFO pallet_gear::tests: Value burned for transfer: 42396788900
2025-09-18T16:22:55.865153Z  INFO pallet_gear::tests: Value burned for transfer: 42396788900
2025-09-18T16:22:55.865766Z  INFO pallet_gear::tests: Value burned for transfer: 42396788900
2025-09-18T16:22:55.866371Z  INFO pallet_gear::tests: Value burned for transfer: 42396788900
2025-09-18T16:22:55.866986Z  INFO pallet_gear::tests: Value burned for transfer: 42396788900
2025-09-18T16:22:55.867581Z  INFO pallet_gear::tests: Value burned for transfer: 42396788900
2025-09-18T16:22:55.868228Z  INFO pallet_gear::tests: Value burned for transfer: 42396788900
2025-09-18T16:22:55.868847Z  INFO pallet_gear::tests: Value burned for transfer: 42396788900
2025-09-18T16:22:55.869451Z  INFO pallet_gear::tests: Value burned for transfer: 42396788900
2025-09-18T16:22:55.870057Z  INFO pallet_gear::tests: Value burned for transfer: 42396788900
2025-09-18T16:22:55.870901Z  INFO pallet_gear::tests: Value burned for transfer: 42396788900
2025-09-18T16:22:55.871665Z  INFO pallet_gear::tests: Value burned for transfer: 42396788900
2025-09-18T16:22:55.872436Z  INFO pallet_gear::tests: Value burned for transfer: 42396788900
2025-09-18T16:22:55.873131Z  INFO pallet_gear::tests: Value burned for transfer: 42396788900
2025-09-18T16:22:55.873786Z  INFO pallet_gear::tests: Value burned for transfer: 42396788900
2025-09-18T16:22:55.874400Z  INFO pallet_gear::tests: Value burned for transfer: 42396788900
2025-09-18T16:22:55.874999Z  INFO pallet_gear::tests: Value burned for transfer: 40906853700
2025-09-18T16:22:55.875619Z  INFO pallet_gear::tests: Value burned for transfer: 42396788900
2025-09-18T16:22:55.876259Z  INFO pallet_gear::tests: Value burned for transfer: 42396788900
2025-09-18T16:22:55.876859Z  INFO pallet_gear::tests: Value burned for transfer: 42396788900
2025-09-18T16:22:55.877461Z  INFO pallet_gear::tests: Value burned for transfer: 42396788900
2025-09-18T16:22:55.878061Z  INFO pallet_gear::tests: Value burned for transfer: 42396788900
2025-09-18T16:22:55.878667Z  INFO pallet_gear::tests: Value burned for transfer: 42396788900
2025-09-18T16:22:55.879251Z  INFO pallet_gear::tests: Value burned for transfer: 42396788900
2025-09-18T16:22:55.879840Z  INFO pallet_gear::tests: Value burned for transfer: 42396788900
2025-09-18T16:22:55.880615Z  INFO pallet_gear::tests: Value burned for transfer: 42396788900
2025-09-18T16:22:55.881321Z  INFO pallet_gear::tests: Value burned for transfer: 42396788900
2025-09-18T16:22:55.881962Z  INFO pallet_gear::tests: Value burned for transfer: 42396788900
2025-09-18T16:22:55.882589Z  INFO pallet_gear::tests: Value burned for transfer: 42396788900
2025-09-18T16:22:55.883227Z  INFO pallet_gear::tests: Value burned for transfer: 42396788900
