2025-09-18T18:13:11.125077Z  WARN runtime: length of a bounded vector in scope Balances Update Locks is not respected.
2025-09-18T18:13:11.125106Z  WARN runtime::balances: Warning: A user has more currency locks than expected. A runtime configuration adjustment may be needed.
2025-09-18T18:13:11.135097Z  INFO pallet_gear::tests: Value burned for init: 640328787600
2025-09-18T18:13:11.135702Z  INFO pallet_gear::tests: Value burned for action: 33562462700
2025-09-18T18:13:11.154743Z  INFO pallet_gear::tests: Value burned for action: 3361520534000
2025-09-18T18:13:11.173041Z  INFO pallet_gear::tests: Value burned for action: 4880900836600
2025-09-18T18:13:11.189763Z  INFO pallet_gear::tests: Value burned for action: 4939608203400
2025-09-18T18:13:11.204654Z  INFO pallet_gear::tests: Value burned for action: 4944930465100
2025-09-18T18:13:11.218785Z  INFO pallet_gear::tests: Value burned for action: 4959616700300
2025-09-18T18:13:11.232094Z  INFO pallet_gear::tests: Value burned for action: 4979929845200
2025-09-18T18:13:11.245675Z  INFO pallet_gear::tests: Value burned for action: 4963841359600
2025-09-18T18:13:11.259142Z  INFO pallet_gear::tests: Value burned for action: 4936884155100
2025-09-18T18:13:11.272293Z  INFO pallet_gear::tests: Value burned for action: 4956589006500
2025-09-18T18:13:11.286424Z  INFO pallet_gear::tests: Value burned for action: 4961808270300
2025-09-18T18:13:11.300771Z  INFO pallet_gear::tests: Value burned for action: 4943019034500
2025-09-18T18:13:11.315562Z  INFO pallet_gear::tests: Value burned for action: 4987116983100
2025-09-18T18:13:11.330176Z  INFO pallet_gear::tests: Value burned for action: 4963616453200
2025-09-18T18:13:11.343652Z  INFO pallet_gear::tests: Value burned for action: 4944580976100
2025-09-18T18:13:11.357937Z  INFO pallet_gear::tests: Value burned for action: 4966823962600
2025-09-18T18:13:11.374095Z  INFO pallet_gear::tests: Value burned for action: 4971840865400
2025-09-18T18:13:11.389804Z  INFO pallet_gear::tests: Value burned for action: 4936146641700
2025-09-18T18:13:11.405390Z  INFO pallet_gear::tests: Value burned for action: 4970621354500
2025-09-18T18:13:11.422277Z  INFO pallet_gear::tests: Value burned for action: 4961162023600
2025-09-18T18:13:11.437532Z  INFO pallet_gear::tests: Value burned for action: 4941358561800
2025-09-18T18:13:11.452751Z  INFO pallet_gear::tests: Value burned for action: 4942016868800
2025-09-18T18:13:11.467058Z  INFO pallet_gear::tests: Value burned for action: 4947971580600
2025-09-18T18:13:11.482357Z  INFO pallet_gear::tests: Value burned for action: 4954593949700
2025-09-18T18:13:11.497454Z  INFO pallet_gear::tests: Value burned for action: 4960768575000
2025-09-18T18:13:11.512147Z  INFO pallet_gear::tests: Value burned for action: 4946569891900
2025-09-18T18:13:11.525304Z  INFO pallet_gear::tests: Value burned for action: 4949694423900
2025-09-18T18:13:11.538346Z  INFO pallet_gear::tests: Value burned for action: 4946310794200
2025-09-18T18:13:11.552170Z  INFO pallet_gear::tests: Value burned for action: 4946415462100
2025-09-18T18:13:11.565525Z  INFO pallet_gear::tests: Value burned for action: 4959875194700
2025-09-18T18:13:11.581562Z  INFO pallet_gear::tests: Value burned for action: 4982069646700
2025-09-18T18:13:11.596484Z  INFO pallet_gear::tests: Value burned for action: 4949319473700
2025-09-18T18:13:11.611460Z  INFO pallet_gear::tests: Value burned for action: 4971491983600
2025-09-18T18:13:11.627480Z  INFO pallet_gear::tests: Value burned for action: 4985990410700
2025-09-18T18:13:11.642293Z  INFO pallet_gear::tests: Value burned for action: 4950802426400
2025-09-18T18:13:11.659479Z  INFO pallet_gear::tests: Value burned for action: 4990415763100
2025-09-18T18:13:11.674149Z  INFO pallet_gear::tests: Value burned for action: 4960379741500
2025-09-18T18:13:11.688874Z  INFO pallet_gear::tests: Value burned for action: 4961580489400
2025-09-18T18:13:11.702724Z  INFO pallet_gear::tests: Value burned for action: 4954913909400
2025-09-18T18:13:11.717576Z  INFO pallet_gear::tests: Value burned for action: 4979662243000
2025-09-18T18:13:11.731053Z  INFO pallet_gear::tests: Value burned for action: 4921544274900
2025-09-18T18:13:11.745984Z  INFO pallet_gear::tests: Value burned for action: 4974130961000
2025-09-18T18:13:11.759890Z  INFO pallet_gear::tests: Value burned for action: 4991637627100
2025-09-18T18:13:11.773408Z  INFO pallet_gear::tests: Value burned for action: 4982409708600
2025-09-18T18:13:11.789196Z  INFO pallet_gear::tests: Value burned for action: 4990388905100
2025-09-18T18:13:11.804550Z  INFO pallet_gear::tests: Value burned for action: 4968531236900
2025-09-18T18:13:11.819352Z  INFO pallet_gear::tests: Value burned for action: 4994585665300
2025-09-18T18:13:11.835480Z  INFO pallet_gear::tests: Value burned for action: 4962697312000
2025-09-18T18:13:11.850556Z  INFO pallet_gear::tests: Value burned for action: 4988720480500
2025-09-18T18:13:11.864747Z  INFO pallet_gear::tests: Value burned for action: 4964631764900
2025-09-18T18:13:11.880003Z  INFO pallet_gear::tests: Value burned for action: 4967127996400
2025-09-18T18:13:11.880897Z  INFO pallet_gear::tests: Value burned for transfer: 40906853700
2025-09-18T18:13:11.881523Z  INFO pallet_gear::tests: Value burned for transfer: 42396788900
2025-09-18T18:13:11.882103Z  INFO pallet_gear::tests: Value burned for transfer: 42396788900
2025-09-18T18:13:11.882693Z  INFO pallet_gear::tests: Value burned for transfer: 40906853700
2025-09-18T18:13:11.883341Z  INFO pallet_gear::tests: Value burned for transfer: 42396788900
2025-09-18T18:13:11.883917Z  INFO pallet_gear::tests: Value burned for transfer: 42396788900
2025-09-18T18:13:11.884488Z  INFO pallet_gear::tests: Value burned for transfer: 40906853700
2025-09-18T18:13:11.885015Z  INFO pallet_gear::tests: Value burned for transfer: 42396788900
2025-09-18T18:13:11.885649Z  INFO pallet_gear::tests: Value burned for transfer: 42396788900
2025-09-18T18:13:11.886257Z  INFO pallet_gear::tests: Value burned for transfer: 42396788900
2025-09-18T18:13:11.887840Z  INFO pallet_gear::tests: Value burned for transfer: 42396788900
2025-09-18T18:13:11.888401Z  INFO pallet_gear::tests: Value burned for transfer: 42396788900
2025-09-18T18:13:11.888953Z  INFO pallet_gear::tests: Value burned for transfer: 42396788900
2025-09-18T18:13:11.889512Z  INFO pallet_gear::tests: Value burned for transfer: 42396788900
2025-09-18T18:13:11.890042Z  INFO pallet_gear::tests: Value burned for transfer: 40906853700
2025-09-18T18:13:11.890659Z  INFO pallet_gear::tests: Value burned for transfer: 42396788900
2025-09-18T18:13:11.891279Z  INFO pallet_gear::tests: Value burned for transfer: 42396788900
2025-09-18T18:13:11.891966Z  INFO pallet_gear::tests: Value burned for transfer: 42396788900
2025-09-18T18:13:11.892554Z  INFO pallet_gear::tests: Value burned for transfer: 42396788900
2025-09-18T18:13:11.893113Z  INFO pallet_gear::tests: Value burned for transfer: 40906853700
2025-09-18T18:13:11.893741Z  INFO pallet_gear::tests: Value burned for transfer: 42396788900
2025-09-18T18:13:11.894350Z  INFO pallet_gear::tests: Value burned for transfer: 42396788900
2025-09-18T18:13:11.894968Z  INFO pallet_gear::tests: Value burned for transfer: 42396788900
2025-09-18T18:13:11.895612Z  INFO pallet_gear::tests: Value burned for transfer: 42396788900
2025-09-18T18:13:11.896243Z  INFO pallet_gear::tests: Value burned for transfer: 42396788900
2025-09-18T18:13:11.896834Z  INFO pallet_gear::tests: Value burned for transfer: 42396788900
2025-09-18T18:13:11.897470Z  INFO pallet_gear::tests: Value burned for transfer: 42396788900
2025-09-18T18:13:11.898142Z  INFO pallet_gear::tests: Value burned for transfer: 40906853700
2025-09-18T18:13:11.898758Z  INFO pallet_gear::tests: Value burned for transfer: 42396788900
2025-09-18T18:13:11.899472Z  INFO pallet_gear::tests: Value burned for transfer: 42396788900
2025-09-18T18:13:11.900158Z  INFO pallet_gear::tests: Value burned for transfer: 42396788900
2025-09-18T18:13:11.901567Z  INFO pallet_gear::tests: Value burned for transfer: 42396788900
2025-09-18T18:13:11.902188Z  INFO pallet_gear::tests: Value burned for transfer: 42396788900
2025-09-18T18:13:11.902795Z  INFO pallet_gear::tests: Value burned for transfer: 42396788900
2025-09-18T18:13:11.903489Z  INFO pallet_gear::tests: Value burned for transfer: 42396788900
2025-09-18T18:13:11.904134Z  INFO pallet_gear::tests: Value burned for transfer: 42396788900
2025-09-18T18:13:11.904792Z  INFO pallet_gear::tests: Value burned for transfer: 42396788900
2025-09-18T18:13:11.905465Z  INFO pallet_gear::tests: Value burned for transfer: 42396788900
2025-09-18T18:13:11.906061Z  INFO pallet_gear::tests: Value burned for transfer: 42396788900
2025-09-18T18:13:11.906681Z  INFO pallet_gear::tests: Value burned for transfer: 42396788900
2025-09-18T18:13:11.907288Z  INFO pallet_gear::tests: Value burned for transfer: 42396788900
2025-09-18T18:13:11.907911Z  INFO pallet_gear::tests: Value burned for transfer: 42396788900
2025-09-18T18:13:11.908571Z  INFO pallet_gear::tests: Value burned for transfer: 42396788900
2025-09-18T18:13:11.909192Z  INFO pallet_gear::tests: Value burned for transfer: 42396788900
2025-09-18T18:13:11.909861Z  INFO pallet_gear::tests: Value burned for transfer: 42396788900
2025-09-18T18:13:11.911206Z  INFO pallet_gear::tests: Value burned for transfer: 42396788900
2025-09-18T18:13:11.911840Z  INFO pallet_gear::tests: Value burned for transfer: 42396788900
2025-09-18T18:13:11.912438Z  INFO pallet_gear::tests: Value burned for transfer: 40906853700
2025-09-18T18:13:11.913107Z  INFO pallet_gear::tests: Value burned for transfer: 42396788900
2025-09-18T18:13:11.913705Z  INFO pallet_gear::tests: Value burned for transfer: 42396788900
2025-09-18T18:13:11.914296Z  INFO pallet_gear::tests: Value burned for transfer: 42396788900
2025-09-18T18:13:11.914857Z  INFO pallet_gear::tests: Value burned for transfer: 42396788900
2025-09-18T18:13:11.915464Z  INFO pallet_gear::tests: Value burned for transfer: 42396788900
2025-09-18T18:13:11.916040Z  INFO pallet_gear::tests: Value burned for transfer: 42396788900
2025-09-18T18:13:11.916621Z  INFO pallet_gear::tests: Value burned for transfer: 42404429400
2025-09-18T18:13:11.917266Z  INFO pallet_gear::tests: Value burned for transfer: 42396788900
2025-09-18T18:13:11.917883Z  INFO pallet_gear::tests: Value burned for transfer: 42396788900
2025-09-18T18:13:11.919417Z  INFO pallet_gear::tests: Value burned for transfer: 42396788900
2025-09-18T18:13:11.920021Z  INFO pallet_gear::tests: Value burned for transfer: 42396788900
2025-09-18T18:13:11.920610Z  INFO pallet_gear::tests: Value burned for transfer: 42396788900
2025-09-18T18:13:11.921202Z  INFO pallet_gear::tests: Value burned for transfer: 42396788900
2025-09-18T18:13:11.921761Z  INFO pallet_gear::tests: Value burned for transfer: 40906853700
2025-09-18T18:13:11.922325Z  INFO pallet_gear::tests: Value burned for transfer: 42396788900
2025-09-18T18:13:11.922897Z  INFO pallet_gear::tests: Value burned for transfer: 42396788900
2025-09-18T18:13:11.923514Z  INFO pallet_gear::tests: Value burned for transfer: 42396788900
2025-09-18T18:13:11.924125Z  INFO pallet_gear::tests: Value burned for transfer: 42396788900
2025-09-18T18:13:11.924666Z  INFO pallet_gear::tests: Value burned for transfer: 42396788900
2025-09-18T18:13:11.925443Z  INFO pallet_gear::tests: Value burned for transfer: 42396788900
2025-09-18T18:13:11.926068Z  INFO pallet_gear::tests: Value burned for transfer: 42396788900
2025-09-18T18:13:11.926637Z  INFO pallet_gear::tests: Value burned for transfer: 42396788900
2025-09-18T18:13:11.928184Z  INFO pallet_gear::tests: Value burned for transfer: 42396788900
2025-09-18T18:13:11.928774Z  INFO pallet_gear::tests: Value burned for transfer: 42396788900
2025-09-18T18:13:11.929368Z  INFO pallet_gear::tests: Value burned for transfer: 42396788900
2025-09-18T18:13:11.929916Z  INFO pallet_gear::tests: Value burned for transfer: 42396788900
2025-09-18T18:13:11.930479Z  INFO pallet_gear::tests: Value burned for transfer: 42396788900
2025-09-18T18:13:11.931053Z  INFO pallet_gear::tests: Value burned for transfer: 42396788900
2025-09-18T18:13:11.931635Z  INFO pallet_gear::tests: Value burned for transfer: 42396788900
2025-09-18T18:13:11.932260Z  INFO pallet_gear::tests: Value burned for transfer: 42396788900
2025-09-18T18:13:11.932846Z  INFO pallet_gear::tests: Value burned for transfer: 42396788900
2025-09-18T18:13:11.933496Z  INFO pallet_gear::tests: Value burned for transfer: 42396788900
2025-09-18T18:13:11.934074Z  INFO pallet_gear::tests: Value burned for transfer: 42396788900
2025-09-18T18:13:11.935807Z  INFO pallet_gear::tests: Value burned for transfer: 42396788900
2025-09-18T18:13:11.936439Z  INFO pallet_gear::tests: Value burned for transfer: 42396788900
2025-09-18T18:13:11.937022Z  INFO pallet_gear::tests: Value burned for transfer: 42396788900
2025-09-18T18:13:11.937564Z  INFO pallet_gear::tests: Value burned for transfer: 42396788900
2025-09-18T18:13:11.938156Z  INFO pallet_gear::tests: Value burned for transfer: 42396788900
2025-09-18T18:13:11.938709Z  INFO pallet_gear::tests: Value burned for transfer: 40906853700
2025-09-18T18:13:11.939330Z  INFO pallet_gear::tests: Value burned for transfer: 42396788900
2025-09-18T18:13:11.939901Z  INFO pallet_gear::tests: Value burned for transfer: 42396788900
2025-09-18T18:13:11.940457Z  INFO pallet_gear::tests: Value burned for transfer: 42396788900
2025-09-18T18:13:11.941092Z  INFO pallet_gear::tests: Value burned for transfer: 42396788900
2025-09-18T18:13:11.941701Z  INFO pallet_gear::tests: Value burned for transfer: 42396788900
2025-09-18T18:13:11.942268Z  INFO pallet_gear::tests: Value burned for transfer: 42396788900
2025-09-18T18:13:11.943854Z  INFO pallet_gear::tests: Value burned for transfer: 42396788900
2025-09-18T18:13:11.944444Z  INFO pallet_gear::tests: Value burned for transfer: 42396788900
2025-09-18T18:13:11.945052Z  INFO pallet_gear::tests: Value burned for transfer: 42396788900
2025-09-18T18:13:11.945718Z  INFO pallet_gear::tests: Value burned for transfer: 42396788900
2025-09-18T18:13:11.946390Z  INFO pallet_gear::tests: Value burned for transfer: 42396788900
2025-09-18T18:13:11.947050Z  INFO pallet_gear::tests: Value burned for transfer: 42396788900
2025-09-18T18:13:11.947680Z  INFO pallet_gear::tests: Value burned for transfer: 42396788900
