2025-09-18T16:42:06.421410Z  WARN runtime: length of a bounded vector in scope Balances Update Locks is not respected.
2025-09-18T16:42:06.421431Z  WARN runtime::balances: Warning: A user has more currency locks than expected. A runtime configuration adjustment may be needed.
2025-09-18T16:42:06.429773Z  INFO pallet_gear::tests: Value burned for init: 641654968600
2025-09-18T16:42:06.430284Z  INFO pallet_gear::tests: Value burned for action: 35074516800
2025-09-18T16:42:06.446100Z  INFO pallet_gear::tests: Value burned for action: 3361142450600
2025-09-18T16:42:06.462923Z  INFO pallet_gear::tests: Value burned for action: 4854969301200
2025-09-18T16:42:06.479650Z  INFO pallet_gear::tests: Value burned for action: 4929419799000
2025-09-18T16:42:06.494816Z  INFO pallet_gear::tests: Value burned for action: 4964765744200
2025-09-18T16:42:06.509045Z  INFO pallet_gear::tests: Value burned for action: 4953450344400
2025-09-18T16:42:06.522756Z  INFO pallet_gear::tests: Value burned for action: 4954688266300
2025-09-18T16:42:06.537257Z  INFO pallet_gear::tests: Value burned for action: 4952169752700
2025-09-18T16:42:06.551525Z  INFO pallet_gear::tests: Value burned for action: 4939796746200
2025-09-18T16:42:06.566862Z  INFO pallet_gear::tests: Value burned for action: 4952595809600
2025-09-18T16:42:06.582556Z  INFO pallet_gear::tests: Value burned for action: 4988142402400
2025-09-18T16:42:06.598046Z  INFO pallet_gear::tests: Value burned for action: 4967566318600
2025-09-18T16:42:06.612460Z  INFO pallet_gear::tests: Value burned for action: 4978391157200
2025-09-18T16:42:06.628486Z  INFO pallet_gear::tests: Value burned for action: 4970633758300
2025-09-18T16:42:06.644214Z  INFO pallet_gear::tests: Value burned for action: 4943533560200
2025-09-18T16:42:06.660711Z  INFO pallet_gear::tests: Value burned for action: 4960657606700
2025-09-18T16:42:06.676944Z  INFO pallet_gear::tests: Value burned for action: 4992428142500
2025-09-18T16:42:06.693938Z  INFO pallet_gear::tests: Value burned for action: 4956347607800
2025-09-18T16:42:06.710707Z  INFO pallet_gear::tests: Value burned for action: 4969573938600
2025-09-18T16:42:06.727895Z  INFO pallet_gear::tests: Value burned for action: 4960500918700
2025-09-18T16:42:06.744261Z  INFO pallet_gear::tests: Value burned for action: 4932874339900
2025-09-18T16:42:06.759902Z  INFO pallet_gear::tests: Value burned for action: 4938409982900
2025-09-18T16:42:06.775510Z  INFO pallet_gear::tests: Value burned for action: 4923116312700
2025-09-18T16:42:06.789135Z  INFO pallet_gear::tests: Value burned for action: 4920128716800
2025-09-18T16:42:06.802961Z  INFO pallet_gear::tests: Value burned for action: 4972904820100
2025-09-18T16:42:06.817270Z  INFO pallet_gear::tests: Value burned for action: 4987191309200
2025-09-18T16:42:06.832636Z  INFO pallet_gear::tests: Value burned for action: 4951206478000
2025-09-18T16:42:06.846474Z  INFO pallet_gear::tests: Value burned for action: 4941061767300
2025-09-18T16:42:06.860128Z  INFO pallet_gear::tests: Value burned for action: 4962898025200
2025-09-18T16:42:06.875193Z  INFO pallet_gear::tests: Value burned for action: 4939752555800
2025-09-18T16:42:06.890753Z  INFO pallet_gear::tests: Value burned for action: 4979235382800
2025-09-18T16:42:06.906407Z  INFO pallet_gear::tests: Value burned for action: 4995743054800
2025-09-18T16:42:06.921102Z  INFO pallet_gear::tests: Value burned for action: 4995211336900
2025-09-18T16:42:06.938996Z  INFO pallet_gear::tests: Value burned for action: 4975477736800
2025-09-18T16:42:06.954414Z  INFO pallet_gear::tests: Value burned for action: 4958592353500
2025-09-18T16:42:06.969657Z  INFO pallet_gear::tests: Value burned for action: 4991927817200
2025-09-18T16:42:06.983928Z  INFO pallet_gear::tests: Value burned for action: 4972902297600
2025-09-18T16:42:06.997997Z  INFO pallet_gear::tests: Value burned for action: 4970770953500
2025-09-18T16:42:07.012866Z  INFO pallet_gear::tests: Value burned for action: 4935563892500
2025-09-18T16:42:07.027691Z  INFO pallet_gear::tests: Value burned for action: 4976586375100
2025-09-18T16:42:07.041591Z  INFO pallet_gear::tests: Value burned for action: 4976660492000
2025-09-18T16:42:07.055377Z  INFO pallet_gear::tests: Value burned for action: 5005584033100
2025-09-18T16:42:07.069622Z  INFO pallet_gear::tests: Value burned for action: 4984843356200
2025-09-18T16:42:07.083703Z  INFO pallet_gear::tests: Value burned for action: 4952104498500
2025-09-18T16:42:07.098707Z  INFO pallet_gear::tests: Value burned for action: 4990742026200
2025-09-18T16:42:07.113194Z  INFO pallet_gear::tests: Value burned for action: 4918467580000
2025-09-18T16:42:07.128158Z  INFO pallet_gear::tests: Value burned for action: 4999429811400
2025-09-18T16:42:07.142867Z  INFO pallet_gear::tests: Value burned for action: 4937214129100
2025-09-18T16:42:07.157592Z  INFO pallet_gear::tests: Value burned for action: 4972791953800
2025-09-18T16:42:07.173101Z  INFO pallet_gear::tests: Value burned for action: 4994153282000
2025-09-18T16:42:07.188144Z  INFO pallet_gear::tests: Value burned for action: 4994862665500
2025-09-18T16:42:07.189164Z  INFO pallet_gear::tests: Value burned for transfer: 42418907800
2025-09-18T16:42:07.190783Z  INFO pallet_gear::tests: Value burned for transfer: 43908843000
2025-09-18T16:42:07.191651Z  INFO pallet_gear::tests: Value burned for transfer: 45398778200
2025-09-18T16:42:07.192337Z  INFO pallet_gear::tests: Value burned for transfer: 42418907800
2025-09-18T16:42:07.193016Z  INFO pallet_gear::tests: Value burned for transfer: 43908843000
2025-09-18T16:42:07.193652Z  INFO pallet_gear::tests: Value burned for transfer: 43908843000
2025-09-18T16:42:07.194318Z  INFO pallet_gear::tests: Value burned for transfer: 43908843000
2025-09-18T16:42:07.194976Z  INFO pallet_gear::tests: Value burned for transfer: 42418907800
2025-09-18T16:42:07.195654Z  INFO pallet_gear::tests: Value burned for transfer: 43908843000
2025-09-18T16:42:07.196274Z  INFO pallet_gear::tests: Value burned for transfer: 43908843000
2025-09-18T16:42:07.196916Z  INFO pallet_gear::tests: Value burned for transfer: 43908843000
2025-09-18T16:42:07.197581Z  INFO pallet_gear::tests: Value burned for transfer: 43908843000
2025-09-18T16:42:07.198213Z  INFO pallet_gear::tests: Value burned for transfer: 43908843000
2025-09-18T16:42:07.198864Z  INFO pallet_gear::tests: Value burned for transfer: 43908843000
2025-09-18T16:42:07.199504Z  INFO pallet_gear::tests: Value burned for transfer: 43908843000
2025-09-18T16:42:07.200141Z  INFO pallet_gear::tests: Value burned for transfer: 43908843000
2025-09-18T16:42:07.200779Z  INFO pallet_gear::tests: Value burned for transfer: 43908843000
2025-09-18T16:42:07.201416Z  INFO pallet_gear::tests: Value burned for transfer: 43908843000
2025-09-18T16:42:07.202969Z  INFO pallet_gear::tests: Value burned for transfer: 43908843000
2025-09-18T16:42:07.203645Z  INFO pallet_gear::tests: Value burned for transfer: 42418907800
2025-09-18T16:42:07.204293Z  INFO pallet_gear::tests: Value burned for transfer: 43908843000
2025-09-18T16:42:07.204925Z  INFO pallet_gear::tests: Value burned for transfer: 43908843000
2025-09-18T16:42:07.205599Z  INFO pallet_gear::tests: Value burned for transfer: 43908843000
2025-09-18T16:42:07.206237Z  INFO pallet_gear::tests: Value burned for transfer: 43908843000
2025-09-18T16:42:07.206891Z  INFO pallet_gear::tests: Value burned for transfer: 43908843000
2025-09-18T16:42:07.207556Z  INFO pallet_gear::tests: Value burned for transfer: 43908843000
2025-09-18T16:42:07.208182Z  INFO pallet_gear::tests: Value burned for transfer: 43908843000
2025-09-18T16:42:07.208771Z  INFO pallet_gear::tests: Value burned for transfer: 42418907800
2025-09-18T16:42:07.209379Z  INFO pallet_gear::tests: Value burned for transfer: 43908843000
2025-09-18T16:42:07.210012Z  INFO pallet_gear::tests: Value burned for transfer: 43908843000
2025-09-18T16:42:07.210664Z  INFO pallet_gear::tests: Value burned for transfer: 43908843000
2025-09-18T16:42:07.212284Z  INFO pallet_gear::tests: Value burned for transfer: 43908843000
2025-09-18T16:42:07.212959Z  INFO pallet_gear::tests: Value burned for transfer: 43908843000
2025-09-18T16:42:07.213607Z  INFO pallet_gear::tests: Value burned for transfer: 43908843000
2025-09-18T16:42:07.214266Z  INFO pallet_gear::tests: Value burned for transfer: 43908843000
2025-09-18T16:42:07.214939Z  INFO pallet_gear::tests: Value burned for transfer: 43908843000
2025-09-18T16:42:07.215581Z  INFO pallet_gear::tests: Value burned for transfer: 42418907800
2025-09-18T16:42:07.216250Z  INFO pallet_gear::tests: Value burned for transfer: 43908843000
2025-09-18T16:42:07.216889Z  INFO pallet_gear::tests: Value burned for transfer: 43908843000
2025-09-18T16:42:07.217550Z  INFO pallet_gear::tests: Value burned for transfer: 43908843000
2025-09-18T16:42:07.218213Z  INFO pallet_gear::tests: Value burned for transfer: 43908843000
2025-09-18T16:42:07.218870Z  INFO pallet_gear::tests: Value burned for transfer: 43908843000
2025-09-18T16:42:07.219542Z  INFO pallet_gear::tests: Value burned for transfer: 43908843000
2025-09-18T16:42:07.221058Z  INFO pallet_gear::tests: Value burned for transfer: 43908843000
2025-09-18T16:42:07.221734Z  INFO pallet_gear::tests: Value burned for transfer: 43908843000
2025-09-18T16:42:07.222387Z  INFO pallet_gear::tests: Value burned for transfer: 43908843000
2025-09-18T16:42:07.223004Z  INFO pallet_gear::tests: Value burned for transfer: 43908843000
2025-09-18T16:42:07.223597Z  INFO pallet_gear::tests: Value burned for transfer: 42418907800
2025-09-18T16:42:07.224218Z  INFO pallet_gear::tests: Value burned for transfer: 43908843000
2025-09-18T16:42:07.224859Z  INFO pallet_gear::tests: Value burned for transfer: 43908843000
2025-09-18T16:42:07.225494Z  INFO pallet_gear::tests: Value burned for transfer: 43908843000
2025-09-18T16:42:07.226132Z  INFO pallet_gear::tests: Value burned for transfer: 43908843000
2025-09-18T16:42:07.226770Z  INFO pallet_gear::tests: Value burned for transfer: 43908843000
2025-09-18T16:42:07.227434Z  INFO pallet_gear::tests: Value burned for transfer: 42418907800
2025-09-18T16:42:07.228815Z  INFO pallet_gear::tests: Value burned for transfer: 43916483500
2025-09-18T16:42:07.229473Z  INFO pallet_gear::tests: Value burned for transfer: 43908843000
2025-09-18T16:42:07.230135Z  INFO pallet_gear::tests: Value burned for transfer: 43908843000
2025-09-18T16:42:07.230712Z  INFO pallet_gear::tests: Value burned for transfer: 43908843000
2025-09-18T16:42:07.231323Z  INFO pallet_gear::tests: Value burned for transfer: 43908843000
2025-09-18T16:42:07.231910Z  INFO pallet_gear::tests: Value burned for transfer: 42418907800
2025-09-18T16:42:07.232579Z  INFO pallet_gear::tests: Value burned for transfer: 43908843000
2025-09-18T16:42:07.233208Z  INFO pallet_gear::tests: Value burned for transfer: 43908843000
2025-09-18T16:42:07.233836Z  INFO pallet_gear::tests: Value burned for transfer: 42418907800
2025-09-18T16:42:07.234487Z  INFO pallet_gear::tests: Value burned for transfer: 43908843000
2025-09-18T16:42:07.235281Z  INFO pallet_gear::tests: Value burned for transfer: 43908843000
2025-09-18T16:42:07.236566Z  INFO pallet_gear::tests: Value burned for transfer: 43908843000
2025-09-18T16:42:07.237353Z  INFO pallet_gear::tests: Value burned for transfer: 43908843000
2025-09-18T16:42:07.237990Z  INFO pallet_gear::tests: Value burned for transfer: 43908843000
2025-09-18T16:42:07.238597Z  INFO pallet_gear::tests: Value burned for transfer: 43908843000
2025-09-18T16:42:07.239190Z  INFO pallet_gear::tests: Value burned for transfer: 43908843000
2025-09-18T16:42:07.239770Z  INFO pallet_gear::tests: Value burned for transfer: 43908843000
2025-09-18T16:42:07.240347Z  INFO pallet_gear::tests: Value burned for transfer: 43908843000
2025-09-18T16:42:07.240995Z  INFO pallet_gear::tests: Value burned for transfer: 43908843000
2025-09-18T16:42:07.241634Z  INFO pallet_gear::tests: Value burned for transfer: 43908843000
2025-09-18T16:42:07.242280Z  INFO pallet_gear::tests: Value burned for transfer: 43908843000
2025-09-18T16:42:07.242978Z  INFO pallet_gear::tests: Value burned for transfer: 43908843000
2025-09-18T16:42:07.243651Z  INFO pallet_gear::tests: Value burned for transfer: 43908843000
2025-09-18T16:42:07.244243Z  INFO pallet_gear::tests: Value burned for transfer: 43908843000
2025-09-18T16:42:07.245832Z  INFO pallet_gear::tests: Value burned for transfer: 43908843000
2025-09-18T16:42:07.246411Z  INFO pallet_gear::tests: Value burned for transfer: 43908843000
2025-09-18T16:42:07.247008Z  INFO pallet_gear::tests: Value burned for transfer: 43908843000
2025-09-18T16:42:07.247691Z  INFO pallet_gear::tests: Value burned for transfer: 43908843000
2025-09-18T16:42:07.248329Z  INFO pallet_gear::tests: Value burned for transfer: 43908843000
2025-09-18T16:42:07.248940Z  INFO pallet_gear::tests: Value burned for transfer: 43908843000
2025-09-18T16:42:07.249530Z  INFO pallet_gear::tests: Value burned for transfer: 43908843000
2025-09-18T16:42:07.250103Z  INFO pallet_gear::tests: Value burned for transfer: 43908843000
2025-09-18T16:42:07.250746Z  INFO pallet_gear::tests: Value burned for transfer: 43908843000
2025-09-18T16:42:07.251384Z  INFO pallet_gear::tests: Value burned for transfer: 43908843000
2025-09-18T16:42:07.251978Z  INFO pallet_gear::tests: Value burned for transfer: 43908843000
2025-09-18T16:42:07.253441Z  INFO pallet_gear::tests: Value burned for transfer: 43908843000
2025-09-18T16:42:07.254088Z  INFO pallet_gear::tests: Value burned for transfer: 43908843000
2025-09-18T16:42:07.254709Z  INFO pallet_gear::tests: Value burned for transfer: 43908843000
2025-09-18T16:42:07.255322Z  INFO pallet_gear::tests: Value burned for transfer: 43908843000
2025-09-18T16:42:07.255991Z  INFO pallet_gear::tests: Value burned for transfer: 43908843000
2025-09-18T16:42:07.256571Z  INFO pallet_gear::tests: Value burned for transfer: 42418907800
2025-09-18T16:42:07.257164Z  INFO pallet_gear::tests: Value burned for transfer: 43908843000
2025-09-18T16:42:07.257766Z  INFO pallet_gear::tests: Value burned for transfer: 43908843000
2025-09-18T16:42:07.258369Z  INFO pallet_gear::tests: Value burned for transfer: 43908843000
2025-09-18T16:42:07.259008Z  INFO pallet_gear::tests: Value burned for transfer: 43908843000
2025-09-18T16:42:07.259622Z  INFO pallet_gear::tests: Value burned for transfer: 43908843000
