2025-09-18T18:15:18.763963Z  WARN runtime: length of a bounded vector in scope Balances Update Locks is not respected.
2025-09-18T18:15:18.763977Z  WARN runtime::balances: Warning: A user has more currency locks than expected. A runtime configuration adjustment may be needed.
2025-09-18T18:15:18.772150Z  INFO pallet_gear::tests: Value burned for init: 640325681800
2025-09-18T18:15:18.773015Z  INFO pallet_gear::tests: Value burned for action: 33562462700
2025-09-18T18:15:18.793192Z  INFO pallet_gear::tests: Value burned for action: 3361520534000
2025-09-18T18:15:18.811931Z  INFO pallet_gear::tests: Value burned for action: 4880900836600
2025-09-18T18:15:18.830009Z  INFO pallet_gear::tests: Value burned for action: 4939608203400
2025-09-18T18:15:18.845082Z  INFO pallet_gear::tests: Value burned for action: 4944930465100
2025-09-18T18:15:18.860016Z  INFO pallet_gear::tests: Value burned for action: 4959616700300
2025-09-18T18:15:18.874026Z  INFO pallet_gear::tests: Value burned for action: 4979929845200
2025-09-18T18:15:18.888858Z  INFO pallet_gear::tests: Value burned for action: 4963841359600
2025-09-18T18:15:18.903432Z  INFO pallet_gear::tests: Value burned for action: 4936884155100
2025-09-18T18:15:18.920909Z  INFO pallet_gear::tests: Value burned for action: 4956589006500
2025-09-18T18:15:18.935171Z  INFO pallet_gear::tests: Value burned for action: 4961808270300
2025-09-18T18:15:18.951238Z  INFO pallet_gear::tests: Value burned for action: 4943019034500
2025-09-18T18:15:18.967957Z  INFO pallet_gear::tests: Value burned for action: 4987116983100
2025-09-18T18:15:18.982852Z  INFO pallet_gear::tests: Value burned for action: 4963616453200
2025-09-18T18:15:18.998252Z  INFO pallet_gear::tests: Value burned for action: 4944580976100
2025-09-18T18:15:19.013793Z  INFO pallet_gear::tests: Value burned for action: 4966823962600
2025-09-18T18:15:19.029344Z  INFO pallet_gear::tests: Value burned for action: 4971840865400
2025-09-18T18:15:19.045580Z  INFO pallet_gear::tests: Value burned for action: 4936146641700
2025-09-18T18:15:19.061663Z  INFO pallet_gear::tests: Value burned for action: 4970621354500
2025-09-18T18:15:19.078552Z  INFO pallet_gear::tests: Value burned for action: 4961162023600
2025-09-18T18:15:19.094471Z  INFO pallet_gear::tests: Value burned for action: 4941358561800
2025-09-18T18:15:19.110732Z  INFO pallet_gear::tests: Value burned for action: 4942016868800
2025-09-18T18:15:19.125188Z  INFO pallet_gear::tests: Value burned for action: 4947971580600
2025-09-18T18:15:19.140290Z  INFO pallet_gear::tests: Value burned for action: 4954593949700
2025-09-18T18:15:19.154058Z  INFO pallet_gear::tests: Value burned for action: 4960768575000
2025-09-18T18:15:19.168810Z  INFO pallet_gear::tests: Value burned for action: 4946569891900
2025-09-18T18:15:19.183883Z  INFO pallet_gear::tests: Value burned for action: 4949694423900
2025-09-18T18:15:19.197483Z  INFO pallet_gear::tests: Value burned for action: 4946310794200
2025-09-18T18:15:19.211283Z  INFO pallet_gear::tests: Value burned for action: 4946415462100
2025-09-18T18:15:19.225956Z  INFO pallet_gear::tests: Value burned for action: 4959875194700
2025-09-18T18:15:19.241189Z  INFO pallet_gear::tests: Value burned for action: 4982069646700
2025-09-18T18:15:19.257047Z  INFO pallet_gear::tests: Value burned for action: 4949319473700
2025-09-18T18:15:19.272997Z  INFO pallet_gear::tests: Value burned for action: 4971491983600
2025-09-18T18:15:19.288403Z  INFO pallet_gear::tests: Value burned for action: 4985990410700
2025-09-18T18:15:19.305198Z  INFO pallet_gear::tests: Value burned for action: 4950802426400
2025-09-18T18:15:19.322629Z  INFO pallet_gear::tests: Value burned for action: 4990415763100
2025-09-18T18:15:19.338462Z  INFO pallet_gear::tests: Value burned for action: 4960379741500
2025-09-18T18:15:19.352775Z  INFO pallet_gear::tests: Value burned for action: 4961580489400
2025-09-18T18:15:19.366843Z  INFO pallet_gear::tests: Value burned for action: 4954913909400
2025-09-18T18:15:19.381899Z  INFO pallet_gear::tests: Value burned for action: 4979662243000
2025-09-18T18:15:19.396595Z  INFO pallet_gear::tests: Value burned for action: 4921544274900
2025-09-18T18:15:19.410434Z  INFO pallet_gear::tests: Value burned for action: 4974130961000
2025-09-18T18:15:19.425702Z  INFO pallet_gear::tests: Value burned for action: 4991637627100
2025-09-18T18:15:19.440614Z  INFO pallet_gear::tests: Value burned for action: 4982409708600
2025-09-18T18:15:19.456287Z  INFO pallet_gear::tests: Value burned for action: 4990388905100
2025-09-18T18:15:19.472260Z  INFO pallet_gear::tests: Value burned for action: 4968531236900
2025-09-18T18:15:19.488989Z  INFO pallet_gear::tests: Value burned for action: 4994585665300
2025-09-18T18:15:19.505768Z  INFO pallet_gear::tests: Value burned for action: 4962697312000
2025-09-18T18:15:19.520902Z  INFO pallet_gear::tests: Value burned for action: 4988720480500
2025-09-18T18:15:19.536973Z  INFO pallet_gear::tests: Value burned for action: 4964631764900
2025-09-18T18:15:19.552066Z  INFO pallet_gear::tests: Value burned for action: 4967127996400
2025-09-18T18:15:19.552910Z  INFO pallet_gear::tests: Value burned for transfer: 40906853700
2025-09-18T18:15:19.553560Z  INFO pallet_gear::tests: Value burned for transfer: 42396788900
2025-09-18T18:15:19.554133Z  INFO pallet_gear::tests: Value burned for transfer: 42396788900
2025-09-18T18:15:19.554715Z  INFO pallet_gear::tests: Value burned for transfer: 40906853700
2025-09-18T18:15:19.555303Z  INFO pallet_gear::tests: Value burned for transfer: 42396788900
2025-09-18T18:15:19.556819Z  INFO pallet_gear::tests: Value burned for transfer: 42396788900
2025-09-18T18:15:19.557441Z  INFO pallet_gear::tests: Value burned for transfer: 40906853700
2025-09-18T18:15:19.558021Z  INFO pallet_gear::tests: Value burned for transfer: 42396788900
2025-09-18T18:15:19.558615Z  INFO pallet_gear::tests: Value burned for transfer: 42396788900
2025-09-18T18:15:19.559202Z  INFO pallet_gear::tests: Value burned for transfer: 42396788900
2025-09-18T18:15:19.559804Z  INFO pallet_gear::tests: Value burned for transfer: 42396788900
2025-09-18T18:15:19.560374Z  INFO pallet_gear::tests: Value burned for transfer: 42396788900
2025-09-18T18:15:19.560957Z  INFO pallet_gear::tests: Value burned for transfer: 42396788900
2025-09-18T18:15:19.561577Z  INFO pallet_gear::tests: Value burned for transfer: 42396788900
2025-09-18T18:15:19.562142Z  INFO pallet_gear::tests: Value burned for transfer: 40906853700
2025-09-18T18:15:19.563714Z  INFO pallet_gear::tests: Value burned for transfer: 42396788900
2025-09-18T18:15:19.564301Z  INFO pallet_gear::tests: Value burned for transfer: 42396788900
2025-09-18T18:15:19.564887Z  INFO pallet_gear::tests: Value burned for transfer: 42396788900
2025-09-18T18:15:19.565464Z  INFO pallet_gear::tests: Value burned for transfer: 42396788900
2025-09-18T18:15:19.566044Z  INFO pallet_gear::tests: Value burned for transfer: 40906853700
2025-09-18T18:15:19.566698Z  INFO pallet_gear::tests: Value burned for transfer: 42396788900
2025-09-18T18:15:19.567318Z  INFO pallet_gear::tests: Value burned for transfer: 42396788900
2025-09-18T18:15:19.567938Z  INFO pallet_gear::tests: Value burned for transfer: 42396788900
2025-09-18T18:15:19.568557Z  INFO pallet_gear::tests: Value burned for transfer: 42396788900
2025-09-18T18:15:19.569248Z  INFO pallet_gear::tests: Value burned for transfer: 42396788900
2025-09-18T18:15:19.570686Z  INFO pallet_gear::tests: Value burned for transfer: 42396788900
2025-09-18T18:15:19.571329Z  INFO pallet_gear::tests: Value burned for transfer: 42396788900
2025-09-18T18:15:19.571942Z  INFO pallet_gear::tests: Value burned for transfer: 40906853700
2025-09-18T18:15:19.572551Z  INFO pallet_gear::tests: Value burned for transfer: 42396788900
2025-09-18T18:15:19.573157Z  INFO pallet_gear::tests: Value burned for transfer: 42396788900
2025-09-18T18:15:19.573768Z  INFO pallet_gear::tests: Value burned for transfer: 42396788900
2025-09-18T18:15:19.574391Z  INFO pallet_gear::tests: Value burned for transfer: 42396788900
2025-09-18T18:15:19.575044Z  INFO pallet_gear::tests: Value burned for transfer: 42396788900
2025-09-18T18:15:19.575675Z  INFO pallet_gear::tests: Value burned for transfer: 42396788900
2025-09-18T18:15:19.576292Z  INFO pallet_gear::tests: Value burned for transfer: 42396788900
2025-09-18T18:15:19.576937Z  INFO pallet_gear::tests: Value burned for transfer: 42396788900
2025-09-18T18:15:19.577551Z  INFO pallet_gear::tests: Value burned for transfer: 42396788900
2025-09-18T18:15:19.579155Z  INFO pallet_gear::tests: Value burned for transfer: 42396788900
2025-09-18T18:15:19.579775Z  INFO pallet_gear::tests: Value burned for transfer: 42396788900
2025-09-18T18:15:19.580378Z  INFO pallet_gear::tests: Value burned for transfer: 42396788900
2025-09-18T18:15:19.581014Z  INFO pallet_gear::tests: Value burned for transfer: 42396788900
2025-09-18T18:15:19.581630Z  INFO pallet_gear::tests: Value burned for transfer: 42396788900
2025-09-18T18:15:19.582239Z  INFO pallet_gear::tests: Value burned for transfer: 42396788900
2025-09-18T18:15:19.582847Z  INFO pallet_gear::tests: Value burned for transfer: 42396788900
2025-09-18T18:15:19.583467Z  INFO pallet_gear::tests: Value burned for transfer: 42396788900
2025-09-18T18:15:19.584115Z  INFO pallet_gear::tests: Value burned for transfer: 42396788900
2025-09-18T18:15:19.584744Z  INFO pallet_gear::tests: Value burned for transfer: 42396788900
2025-09-18T18:15:19.585373Z  INFO pallet_gear::tests: Value burned for transfer: 40906853700
2025-09-18T18:15:19.586820Z  INFO pallet_gear::tests: Value burned for transfer: 42396788900
2025-09-18T18:15:19.587442Z  INFO pallet_gear::tests: Value burned for transfer: 42396788900
2025-09-18T18:15:19.588061Z  INFO pallet_gear::tests: Value burned for transfer: 42396788900
2025-09-18T18:15:19.588689Z  INFO pallet_gear::tests: Value burned for transfer: 42396788900
2025-09-18T18:15:19.589305Z  INFO pallet_gear::tests: Value burned for transfer: 42396788900
2025-09-18T18:15:19.589925Z  INFO pallet_gear::tests: Value burned for transfer: 42396788900
2025-09-18T18:15:19.590539Z  INFO pallet_gear::tests: Value burned for transfer: 42404429400
2025-09-18T18:15:19.591156Z  INFO pallet_gear::tests: Value burned for transfer: 42396788900
2025-09-18T18:15:19.591779Z  INFO pallet_gear::tests: Value burned for transfer: 42396788900
2025-09-18T18:15:19.592409Z  INFO pallet_gear::tests: Value burned for transfer: 42396788900
2025-09-18T18:15:19.593083Z  INFO pallet_gear::tests: Value burned for transfer: 42396788900
2025-09-18T18:15:19.594565Z  INFO pallet_gear::tests: Value burned for transfer: 42396788900
2025-09-18T18:15:19.595187Z  INFO pallet_gear::tests: Value burned for transfer: 42396788900
2025-09-18T18:15:19.595780Z  INFO pallet_gear::tests: Value burned for transfer: 40906853700
2025-09-18T18:15:19.596387Z  INFO pallet_gear::tests: Value burned for transfer: 42396788900
2025-09-18T18:15:19.597013Z  INFO pallet_gear::tests: Value burned for transfer: 42396788900
2025-09-18T18:15:19.597622Z  INFO pallet_gear::tests: Value burned for transfer: 42396788900
2025-09-18T18:15:19.598234Z  INFO pallet_gear::tests: Value burned for transfer: 42396788900
2025-09-18T18:15:19.598854Z  INFO pallet_gear::tests: Value burned for transfer: 42396788900
2025-09-18T18:15:19.599482Z  INFO pallet_gear::tests: Value burned for transfer: 42396788900
2025-09-18T18:15:19.600107Z  INFO pallet_gear::tests: Value burned for transfer: 42396788900
2025-09-18T18:15:19.600736Z  INFO pallet_gear::tests: Value burned for transfer: 42396788900
2025-09-18T18:15:19.601356Z  INFO pallet_gear::tests: Value burned for transfer: 42396788900
2025-09-18T18:15:19.601933Z  INFO pallet_gear::tests: Value burned for transfer: 42396788900
2025-09-18T18:15:19.603540Z  INFO pallet_gear::tests: Value burned for transfer: 42396788900
2025-09-18T18:15:19.604183Z  INFO pallet_gear::tests: Value burned for transfer: 42396788900
2025-09-18T18:15:19.604815Z  INFO pallet_gear::tests: Value burned for transfer: 42396788900
2025-09-18T18:15:19.605429Z  INFO pallet_gear::tests: Value burned for transfer: 42396788900
2025-09-18T18:15:19.606048Z  INFO pallet_gear::tests: Value burned for transfer: 42396788900
2025-09-18T18:15:19.606663Z  INFO pallet_gear::tests: Value burned for transfer: 42396788900
2025-09-18T18:15:19.607265Z  INFO pallet_gear::tests: Value burned for transfer: 42396788900
2025-09-18T18:15:19.607876Z  INFO pallet_gear::tests: Value burned for transfer: 42396788900
2025-09-18T18:15:19.608497Z  INFO pallet_gear::tests: Value burned for transfer: 42396788900
2025-09-18T18:15:19.609175Z  INFO pallet_gear::tests: Value burned for transfer: 42396788900
2025-09-18T18:15:19.610536Z  INFO pallet_gear::tests: Value burned for transfer: 42396788900
2025-09-18T18:15:19.611144Z  INFO pallet_gear::tests: Value burned for transfer: 42396788900
2025-09-18T18:15:19.611748Z  INFO pallet_gear::tests: Value burned for transfer: 42396788900
2025-09-18T18:15:19.612338Z  INFO pallet_gear::tests: Value burned for transfer: 42396788900
2025-09-18T18:15:19.612911Z  INFO pallet_gear::tests: Value burned for transfer: 40906853700
2025-09-18T18:15:19.613493Z  INFO pallet_gear::tests: Value burned for transfer: 42396788900
2025-09-18T18:15:19.614122Z  INFO pallet_gear::tests: Value burned for transfer: 42396788900
2025-09-18T18:15:19.614744Z  INFO pallet_gear::tests: Value burned for transfer: 42396788900
2025-09-18T18:15:19.615392Z  INFO pallet_gear::tests: Value burned for transfer: 42396788900
2025-09-18T18:15:19.616013Z  INFO pallet_gear::tests: Value burned for transfer: 42396788900
2025-09-18T18:15:19.616691Z  INFO pallet_gear::tests: Value burned for transfer: 42396788900
2025-09-18T18:15:19.618206Z  INFO pallet_gear::tests: Value burned for transfer: 42396788900
2025-09-18T18:15:19.618842Z  INFO pallet_gear::tests: Value burned for transfer: 42396788900
2025-09-18T18:15:19.619471Z  INFO pallet_gear::tests: Value burned for transfer: 42396788900
2025-09-18T18:15:19.620104Z  INFO pallet_gear::tests: Value burned for transfer: 42396788900
2025-09-18T18:15:19.620714Z  INFO pallet_gear::tests: Value burned for transfer: 42396788900
2025-09-18T18:15:19.621341Z  INFO pallet_gear::tests: Value burned for transfer: 42396788900
2025-09-18T18:15:19.621953Z  INFO pallet_gear::tests: Value burned for transfer: 42396788900
