2025-09-18T16:20:01.588758Z  WARN runtime: length of a bounded vector in scope Balances Update Locks is not respected.
2025-09-18T16:20:01.588788Z  WARN runtime::balances: Warning: A user has more currency locks than expected. A runtime configuration adjustment may be needed.
2025-09-18T16:20:01.594836Z  INFO pallet_gear::tests: Value burned for init: 642873188300
2025-09-18T16:20:01.595211Z  INFO pallet_gear::tests: Value burned for action: 32949553200
2025-09-18T16:20:01.608973Z  INFO pallet_gear::tests: Value burned for action: 3363060159500
2025-09-18T16:20:01.624913Z  INFO pallet_gear::tests: Value burned for action: 4876652189600
2025-09-18T16:20:01.640214Z  INFO pallet_gear::tests: Value burned for action: 4941554763900
2025-09-18T16:20:01.656411Z  INFO pallet_gear::tests: Value burned for action: 4946877025600
2025-09-18T16:20:01.671269Z  INFO pallet_gear::tests: Value burned for action: 4961563260800
2025-09-18T16:20:01.684743Z  INFO pallet_gear::tests: Value burned for action: 4981876405700
2025-09-18T16:20:01.698181Z  INFO pallet_gear::tests: Value burned for action: 4963228450100
2025-09-18T16:20:01.712187Z  INFO pallet_gear::tests: Value burned for action: 4941390185600
2025-09-18T16:20:01.727352Z  INFO pallet_gear::tests: Value burned for action: 4950857157000
2025-09-18T16:20:01.743005Z  INFO pallet_gear::tests: Value burned for action: 4958635890800
2025-09-18T16:20:01.757743Z  INFO pallet_gear::tests: Value burned for action: 4944965595000
2025-09-18T16:20:01.772952Z  INFO pallet_gear::tests: Value burned for action: 4983944603600
2025-09-18T16:20:01.789161Z  INFO pallet_gear::tests: Value burned for action: 4968122483700
2025-09-18T16:20:01.803596Z  INFO pallet_gear::tests: Value burned for action: 4943968066600
2025-09-18T16:20:01.819925Z  INFO pallet_gear::tests: Value burned for action: 4971329993100
2025-09-18T16:20:01.835390Z  INFO pallet_gear::tests: Value burned for action: 4971227955900
2025-09-18T16:20:01.851594Z  INFO pallet_gear::tests: Value burned for action: 4938093202200
2025-09-18T16:20:01.868246Z  INFO pallet_gear::tests: Value burned for action: 4967835286000
2025-09-18T16:20:01.884715Z  INFO pallet_gear::tests: Value burned for action: 4957989644100
2025-09-18T16:20:01.899623Z  INFO pallet_gear::tests: Value burned for action: 4938186182300
2025-09-18T16:20:01.916582Z  INFO pallet_gear::tests: Value burned for action: 4941790270300
2025-09-18T16:20:01.931762Z  INFO pallet_gear::tests: Value burned for action: 4942239731100
2025-09-18T16:20:01.946459Z  INFO pallet_gear::tests: Value burned for action: 4959099980200
2025-09-18T16:20:01.961020Z  INFO pallet_gear::tests: Value burned for action: 4958996732500
2025-09-18T16:20:01.976381Z  INFO pallet_gear::tests: Value burned for action: 4943397512400
2025-09-18T16:20:01.991114Z  INFO pallet_gear::tests: Value burned for action: 4949081514400
2025-09-18T16:20:02.005636Z  INFO pallet_gear::tests: Value burned for action: 4945697884700
2025-09-18T16:20:02.020120Z  INFO pallet_gear::tests: Value burned for action: 4951307803600
2025-09-18T16:20:02.035494Z  INFO pallet_gear::tests: Value burned for action: 4961821755200
2025-09-18T16:20:02.050937Z  INFO pallet_gear::tests: Value burned for action: 4981456737200
2025-09-18T16:20:02.066199Z  INFO pallet_gear::tests: Value burned for action: 4943587624200
2025-09-18T16:20:02.083750Z  INFO pallet_gear::tests: Value burned for action: 4973438544100
2025-09-18T16:20:02.100780Z  INFO pallet_gear::tests: Value burned for action: 4982818031200
2025-09-18T16:20:02.116533Z  INFO pallet_gear::tests: Value burned for action: 4950189516900
2025-09-18T16:20:02.131615Z  INFO pallet_gear::tests: Value burned for action: 4995694415600
2025-09-18T16:20:02.148177Z  INFO pallet_gear::tests: Value burned for action: 4970004712000
2025-09-18T16:20:02.164054Z  INFO pallet_gear::tests: Value burned for action: 4960967579900
2025-09-18T16:20:02.178186Z  INFO pallet_gear::tests: Value burned for action: 4948795748900
2025-09-18T16:20:02.193940Z  INFO pallet_gear::tests: Value burned for action: 4979435644500
2025-09-18T16:20:02.207943Z  INFO pallet_gear::tests: Value burned for action: 4918371895400
2025-09-18T16:20:02.223078Z  INFO pallet_gear::tests: Value burned for action: 4970958581500
2025-09-18T16:20:02.238182Z  INFO pallet_gear::tests: Value burned for action: 4988465247600
2025-09-18T16:20:02.252544Z  INFO pallet_gear::tests: Value burned for action: 4981796799100
2025-09-18T16:20:02.266574Z  INFO pallet_gear::tests: Value burned for action: 4992335465600
2025-09-18T16:20:02.282942Z  INFO pallet_gear::tests: Value burned for action: 4972264645400
2025-09-18T16:20:02.299291Z  INFO pallet_gear::tests: Value burned for action: 4996145914800
2025-09-18T16:20:02.314545Z  INFO pallet_gear::tests: Value burned for action: 4959524932500
2025-09-18T16:20:02.330721Z  INFO pallet_gear::tests: Value burned for action: 4988107571000
2025-09-18T16:20:02.347302Z  INFO pallet_gear::tests: Value burned for action: 4961845696400
2025-09-18T16:20:02.362637Z  INFO pallet_gear::tests: Value burned for action: 4963955616900
2025-09-18T16:20:02.364345Z  INFO pallet_gear::tests: Value burned for transfer: 40293944200
2025-09-18T16:20:02.364959Z  INFO pallet_gear::tests: Value burned for transfer: 41783879400
2025-09-18T16:20:02.365635Z  INFO pallet_gear::tests: Value burned for transfer: 41783879400
2025-09-18T16:20:02.366258Z  INFO pallet_gear::tests: Value burned for transfer: 40293944200
2025-09-18T16:20:02.366903Z  INFO pallet_gear::tests: Value burned for transfer: 41783879400
2025-09-18T16:20:02.367664Z  INFO pallet_gear::tests: Value burned for transfer: 41783879400
2025-09-18T16:20:02.368358Z  INFO pallet_gear::tests: Value burned for transfer: 40293944200
2025-09-18T16:20:02.369003Z  INFO pallet_gear::tests: Value burned for transfer: 41783879400
2025-09-18T16:20:02.369669Z  INFO pallet_gear::tests: Value burned for transfer: 43273814600
2025-09-18T16:20:02.371220Z  INFO pallet_gear::tests: Value burned for transfer: 41783879400
2025-09-18T16:20:02.371835Z  INFO pallet_gear::tests: Value burned for transfer: 41783879400
2025-09-18T16:20:02.372564Z  INFO pallet_gear::tests: Value burned for transfer: 41783879400
2025-09-18T16:20:02.373182Z  INFO pallet_gear::tests: Value burned for transfer: 41783879400
2025-09-18T16:20:02.373834Z  INFO pallet_gear::tests: Value burned for transfer: 41783879400
2025-09-18T16:20:02.374463Z  INFO pallet_gear::tests: Value burned for transfer: 40293944200
2025-09-18T16:20:02.375084Z  INFO pallet_gear::tests: Value burned for transfer: 41783879400
2025-09-18T16:20:02.375756Z  INFO pallet_gear::tests: Value burned for transfer: 41783879400
2025-09-18T16:20:02.376434Z  INFO pallet_gear::tests: Value burned for transfer: 41783879400
2025-09-18T16:20:02.377180Z  INFO pallet_gear::tests: Value burned for transfer: 41783879400
2025-09-18T16:20:02.377930Z  INFO pallet_gear::tests: Value burned for transfer: 40293944200
2025-09-18T16:20:02.379518Z  INFO pallet_gear::tests: Value burned for transfer: 41783879400
2025-09-18T16:20:02.380196Z  INFO pallet_gear::tests: Value burned for transfer: 41783879400
2025-09-18T16:20:02.380858Z  INFO pallet_gear::tests: Value burned for transfer: 41783879400
2025-09-18T16:20:02.381482Z  INFO pallet_gear::tests: Value burned for transfer: 41783879400
2025-09-18T16:20:02.382104Z  INFO pallet_gear::tests: Value burned for transfer: 41783879400
2025-09-18T16:20:02.382709Z  INFO pallet_gear::tests: Value burned for transfer: 41783879400
2025-09-18T16:20:02.383374Z  INFO pallet_gear::tests: Value burned for transfer: 43273814600
2025-09-18T16:20:02.384010Z  INFO pallet_gear::tests: Value burned for transfer: 40293944200
2025-09-18T16:20:02.384640Z  INFO pallet_gear::tests: Value burned for transfer: 41783879400
2025-09-18T16:20:02.385289Z  INFO pallet_gear::tests: Value burned for transfer: 41783879400
2025-09-18T16:20:02.385942Z  INFO pallet_gear::tests: Value burned for transfer: 41783879400
2025-09-18T16:20:02.387504Z  INFO pallet_gear::tests: Value burned for transfer: 41783879400
2025-09-18T16:20:02.388082Z  INFO pallet_gear::tests: Value burned for transfer: 41783879400
2025-09-18T16:20:02.388672Z  INFO pallet_gear::tests: Value burned for transfer: 41783879400
2025-09-18T16:20:02.389311Z  INFO pallet_gear::tests: Value burned for transfer: 41783879400
2025-09-18T16:20:02.389895Z  INFO pallet_gear::tests: Value burned for transfer: 41783879400
2025-09-18T16:20:02.390523Z  INFO pallet_gear::tests: Value burned for transfer: 41783879400
2025-09-18T16:20:02.391155Z  INFO pallet_gear::tests: Value burned for transfer: 41783879400
2025-09-18T16:20:02.391807Z  INFO pallet_gear::tests: Value burned for transfer: 41783879400
2025-09-18T16:20:02.392452Z  INFO pallet_gear::tests: Value burned for transfer: 41783879400
2025-09-18T16:20:02.393075Z  INFO pallet_gear::tests: Value burned for transfer: 41783879400
2025-09-18T16:20:02.393721Z  INFO pallet_gear::tests: Value burned for transfer: 41783879400
2025-09-18T16:20:02.394298Z  INFO pallet_gear::tests: Value burned for transfer: 41783879400
2025-09-18T16:20:02.395884Z  INFO pallet_gear::tests: Value burned for transfer: 41783879400
2025-09-18T16:20:02.396516Z  INFO pallet_gear::tests: Value burned for transfer: 41783879400
2025-09-18T16:20:02.397147Z  INFO pallet_gear::tests: Value burned for transfer: 41783879400
2025-09-18T16:20:02.397779Z  INFO pallet_gear::tests: Value burned for transfer: 41783879400
2025-09-18T16:20:02.398381Z  INFO pallet_gear::tests: Value burned for transfer: 40293944200
2025-09-18T16:20:02.399000Z  INFO pallet_gear::tests: Value burned for transfer: 41783879400
2025-09-18T16:20:02.399611Z  INFO pallet_gear::tests: Value burned for transfer: 41783879400
2025-09-18T16:20:02.400226Z  INFO pallet_gear::tests: Value burned for transfer: 41783879400
2025-09-18T16:20:02.400856Z  INFO pallet_gear::tests: Value burned for transfer: 41783879400
2025-09-18T16:20:02.401552Z  INFO pallet_gear::tests: Value burned for transfer: 41783879400
2025-09-18T16:20:02.402911Z  INFO pallet_gear::tests: Value burned for transfer: 41783879400
2025-09-18T16:20:02.403543Z  INFO pallet_gear::tests: Value burned for transfer: 41791519900
2025-09-18T16:20:02.404210Z  INFO pallet_gear::tests: Value burned for transfer: 41783879400
2025-09-18T16:20:02.404944Z  INFO pallet_gear::tests: Value burned for transfer: 41783879400
2025-09-18T16:20:02.405638Z  INFO pallet_gear::tests: Value burned for transfer: 41783879400
2025-09-18T16:20:02.406354Z  INFO pallet_gear::tests: Value burned for transfer: 41783879400
2025-09-18T16:20:02.406991Z  INFO pallet_gear::tests: Value burned for transfer: 41783879400
2025-09-18T16:20:02.407636Z  INFO pallet_gear::tests: Value burned for transfer: 41783879400
2025-09-18T16:20:02.408228Z  INFO pallet_gear::tests: Value burned for transfer: 40293944200
2025-09-18T16:20:02.408826Z  INFO pallet_gear::tests: Value burned for transfer: 41783879400
2025-09-18T16:20:02.409473Z  INFO pallet_gear::tests: Value burned for transfer: 41783879400
2025-09-18T16:20:02.410859Z  INFO pallet_gear::tests: Value burned for transfer: 41783879400
2025-09-18T16:20:02.411481Z  INFO pallet_gear::tests: Value burned for transfer: 41783879400
2025-09-18T16:20:02.412132Z  INFO pallet_gear::tests: Value burned for transfer: 41783879400
2025-09-18T16:20:02.412770Z  INFO pallet_gear::tests: Value burned for transfer: 41783879400
2025-09-18T16:20:02.413437Z  INFO pallet_gear::tests: Value burned for transfer: 41783879400
2025-09-18T16:20:02.414339Z  INFO pallet_gear::tests: Value burned for transfer: 41783879400
2025-09-18T16:20:02.414961Z  INFO pallet_gear::tests: Value burned for transfer: 41783879400
2025-09-18T16:20:02.415623Z  INFO pallet_gear::tests: Value burned for transfer: 41783879400
2025-09-18T16:20:02.416294Z  INFO pallet_gear::tests: Value burned for transfer: 41783879400
2025-09-18T16:20:02.416952Z  INFO pallet_gear::tests: Value burned for transfer: 41783879400
2025-09-18T16:20:02.417602Z  INFO pallet_gear::tests: Value burned for transfer: 41783879400
2025-09-18T16:20:02.418209Z  INFO pallet_gear::tests: Value burned for transfer: 41783879400
2025-09-18T16:20:02.419813Z  INFO pallet_gear::tests: Value burned for transfer: 41783879400
2025-09-18T16:20:02.420484Z  INFO pallet_gear::tests: Value burned for transfer: 41783879400
2025-09-18T16:20:02.421197Z  INFO pallet_gear::tests: Value burned for transfer: 41783879400
2025-09-18T16:20:02.421861Z  INFO pallet_gear::tests: Value burned for transfer: 41783879400
2025-09-18T16:20:02.422514Z  INFO pallet_gear::tests: Value burned for transfer: 41783879400
2025-09-18T16:20:02.423165Z  INFO pallet_gear::tests: Value burned for transfer: 41783879400
2025-09-18T16:20:02.423821Z  INFO pallet_gear::tests: Value burned for transfer: 41783879400
2025-09-18T16:20:02.424462Z  INFO pallet_gear::tests: Value burned for transfer: 41783879400
2025-09-18T16:20:02.425116Z  INFO pallet_gear::tests: Value burned for transfer: 41783879400
2025-09-18T16:20:02.425747Z  INFO pallet_gear::tests: Value burned for transfer: 41783879400
2025-09-18T16:20:02.427329Z  INFO pallet_gear::tests: Value burned for transfer: 40293944200
2025-09-18T16:20:02.428007Z  INFO pallet_gear::tests: Value burned for transfer: 41783879400
2025-09-18T16:20:02.428685Z  INFO pallet_gear::tests: Value burned for transfer: 41783879400
2025-09-18T16:20:02.429281Z  INFO pallet_gear::tests: Value burned for transfer: 41783879400
2025-09-18T16:20:02.429855Z  INFO pallet_gear::tests: Value burned for transfer: 41783879400
2025-09-18T16:20:02.430459Z  INFO pallet_gear::tests: Value burned for transfer: 41783879400
2025-09-18T16:20:02.431058Z  INFO pallet_gear::tests: Value burned for transfer: 41783879400
2025-09-18T16:20:02.431660Z  INFO pallet_gear::tests: Value burned for transfer: 41783879400
2025-09-18T16:20:02.432280Z  INFO pallet_gear::tests: Value burned for transfer: 41783879400
2025-09-18T16:20:02.432923Z  INFO pallet_gear::tests: Value burned for transfer: 41783879400
2025-09-18T16:20:02.433556Z  INFO pallet_gear::tests: Value burned for transfer: 41783879400
2025-09-18T16:20:02.434168Z  INFO pallet_gear::tests: Value burned for transfer: 41783879400
2025-09-18T16:20:02.435720Z  INFO pallet_gear::tests: Value burned for transfer: 41783879400
2025-09-18T16:20:02.436330Z  INFO pallet_gear::tests: Value burned for transfer: 41783879400
